09.05.19 11:43:54 OP: Receiving data sucessfull
09.05.19 11:43:54 Sending data: "C51,1,1024,2,32,0,0.000000,10.000000,0"
09.05.19 11:43:54 OP: Sending data
09.05.19 11:43:54 OP: Sending data sucessfull
09.05.19 11:43:54 OP: Receiving data
09.05.19 11:43:54 OP: Receiving data sucessfull
09.05.19 11:43:54 Receiving code: 0x1
09.05.19 11:43:54 OP: Receiving data
09.05.19 11:43:55 OP: Receiving data sucessfull
09.05.19 11:43:55 Sending data: "C51,1,1024,2,32,0,0.000000,10.000000,0"
09.05.19 11:43:55 OP: Sending data
09.05.19 11:43:55 OP: Sending data sucessfull
09.05.19 11:43:55 OP: Receiving data
09.05.19 11:43:55 OP: Receiving data sucessfull
09.05.19 11:43:55 Receiving code: 0x1
09.05.19 11:43:55 OP: Receiving data
09.05.19 11:43:55 OP: Receiving data sucessfull
09.05.19 11:43:55 Sending data: "C51,1,1024,2,32,0,0.000000,10.000000,0"
09.05.19 11:43:55 OP: Sending data
09.05.19 11:43:55 OP: Sending data sucessfull
09.05.19 11:43:55 OP: Receiving data
09.05.19 11:43:55 OP: Receiving data sucessfull
09.05.19 11:43:55 Receiving code: 0x1
09.05.19 11:43:55 OP: Receiving data
09.05.19 11:43:55 OP: Receiving data sucessfull
09.05.19 11:43:55 Sending data: "C51,1,1024,2,32,0,0.000000,10.000000,0"
09.05.19 11:43:55 OP: Sending data
09.05.19 11:43:55 OP: Sending data sucessfull
09.05.19 11:43:55 OP: Receiving data
09.05.19 11:43:55 OP: Receiving data sucessfull
09.05.19 11:43:55 Receiving code: 0x1
09.05.19 11:43:55 OP: Receiving data
09.05.19 11:43:55 OP: Receiving data sucessfull
09.05.19 11:43:55 Sending data: "C51,1,1024,2,32,0,0.000000,10.000000,0"
09.05.19 11:43:55 OP: Sending data
09.05.19 11:43:55 OP: Sending data sucessfull
09.05.19 11:43:55 OP: Receiving data
09.05.19 11:43:55 OP: Receiving data sucessfull
09.05.19 11:43:55 Receiving code: 0x1
09.05.19 11:43:55 OP: Receiving data
09.05.19 11:43:55 OP: Receiving data sucessfull
09.05.19 11:43:55 Sending data: "C51,1,1024,2,32,0,0.000000,10.000000,0"
09.05.19 11:43:55 OP: Sending data
09.05.19 11:43:55 OP: Sending data sucessfull
09.05.19 11:43:55 OP: Receiving data
09.05.19 11:43:55 OP: Receiving data sucessfull
09.05.19 11:43:55 Receiving code: 0x1
09.05.19 11:43:55 OP: Receiving data
09.05.19 11:43:55 OP: Receiving data sucessfull
09.05.19 11:43:55 Sending data: "C51,1,1024,2,32,0,0.000000,10.000000,0"
09.05.19 11:43:55 OP: Sending data
09.05.19 11:43:55 OP: Sending data sucessfull
09.05.19 11:43:55 OP: Receiving data
09.05.19 11:43:55 OP: Receiving data sucessfull
09.05.19 11:43:55 Receiving code: 0x1
09.05.19 11:43:55 OP: Receiving data
09.05.19 11:43:55 OP: Receiving data sucessfull
09.05.19 11:43:55 Sending data: "C51,1,1024,2,32,0,0.000000,10.000000,0"
09.05.19 11:43:55 OP: Sending data
09.05.19 11:43:55 OP: Sending data sucessfull
09.05.19 11:43:55 OP: Receiving data
09.05.19 11:43:55 OP: Receiving data sucessfull
09.05.19 11:43:55 Receiving code: 0x1
09.05.19 11:43:55 OP: Receiving data
09.05.19 11:43:55 OP: Receiving data sucessfull
09.05.19 11:43:55 Sending data: "C51,1,1024,2,32,0,0.000000,10.000000,0"
09.05.19 11:43:55 OP: Sending data
09.05.19 11:43:55 OP: Sending data sucessfull
09.05.19 11:43:55 OP: Receiving data
09.05.19 11:43:55 OP: Receiving data sucessfull
09.05.19 11:43:55 Receiving code: 0x1
09.05.19 11:43:55 OP: Receiving data
09.05.19 11:43:55 OP: Receiving data sucessfull
09.05.19 11:43:55 Sending data: "C51,1,1024,2,32,0,0.000000,10.000000,0"
09.05.19 11:43:55 OP: Sending data
09.05.19 11:43:55 OP: Sending data sucessfull
09.05.19 11:43:55 OP: Receiving data
09.05.19 11:43:55 OP: Receiving data sucessfull
09.05.19 11:43:55 Receiving code: 0x1
09.05.19 11:43:55 OP: Receiving data
09.05.19 11:43:55 OP: Receiving data sucessfull
09.05.19 11:43:55 Sending data: "C51,1,1024,2,32,0,0.000000,10.000000,0"
09.05.19 11:43:55 OP: Sending data
09.05.19 11:43:55 OP: Sending data sucessfull
09.05.19 11:43:55 OP: Receiving data
09.05.19 11:43:55 OP: Receiving data sucessfull
09.05.19 11:43:55 Receiving code: 0x1
09.05.19 11:43:55 OP: Receiving data
09.05.19 11:43:55 OP: Receiving data sucessfull
09.05.19 11:43:55 Sending data: "C51,1,1024,2,32,0,0.000000,10.000000,0"
09.05.19 11:43:55 OP: Sending data
09.05.19 11:43:55 OP: Sending data sucessfull
09.05.19 11:43:55 OP: Receiving data
09.05.19 11:43:55 OP: Receiving data sucessfull
09.05.19 11:43:55 Receiving code: 0x1
09.05.19 11:43:55 OP: Receiving data
09.05.19 11:43:55 OP: Receiving data sucessfull
09.05.19 11:43:55 Sending data: "C51,1,1024,2,32,0,0.000000,10.000000,0"
09.05.19 11:43:55 OP: Sending data
09.05.19 11:43:55 OP: Sending data sucessfull
09.05.19 11:43:55 OP: Receiving data
09.05.19 11:43:55 OP: Receiving data sucessfull
09.05.19 11:43:55 Receiving code: 0x1
09.05.19 11:43:55 OP: Receiving data
09.05.19 11:43:55 OP: Receiving data sucessfull
09.05.19 11:43:55 Sending data: "C51,1,1024,2,32,0,0.000000,10.000000,0"
09.05.19 11:43:55 OP: Sending data
09.05.19 11:43:55 OP: Sending data sucessfull
09.05.19 11:43:55 OP: Receiving data
09.05.19 11:43:55 OP: Receiving data sucessfull
09.05.19 11:43:55 Receiving code: 0x1
09.05.19 11:43:55 OP: Receiving data
09.05.19 11:43:56 OP: Receiving data sucessfull
09.05.19 11:43:56 Sending data: "C51,1,1024,2,32,0,0.000000,10.000000,0"
09.05.19 11:43:56 OP: Sending data
09.05.19 11:43:56 OP: Sending data sucessfull
09.05.19 11:43:56 OP: Receiving data
09.05.19 11:43:56 OP: Receiving data sucessfull
09.05.19 11:43:56 Receiving code: 0x1
09.05.19 11:43:56 OP: Receiving data
09.05.19 11:43:56 OP: Receiving data sucessfull
09.05.19 11:43:56 Sending data: "C51,1,1024,2,32,0,0.000000,10.000000,0"
09.05.19 11:43:56 OP: Sending data
09.05.19 11:43:56 OP: Sending data sucessfull
09.05.19 11:43:56 OP: Receiving data
09.05.19 11:43:56 OP: Receiving data sucessfull
09.05.19 11:43:56 Receiving code: 0x1
09.05.19 11:43:56 OP: Receiving data
09.05.19 11:43:56 OP: Receiving data sucessfull
09.05.19 11:43:56 Sending data: "C51,1,1024,2,32,0,0.000000,10.000000,0"
09.05.19 11:43:56 OP: Sending data
09.05.19 11:43:56 OP: Sending data sucessfull
09.05.19 11:43:56 OP: Receiving data
09.05.19 11:43:56 OP: Receiving data sucessfull
09.05.19 11:43:56 Receiving code: 0x1
09.05.19 11:43:56 OP: Receiving data
09.05.19 11:43:56 OP: Receiving data sucessfull
09.05.19 11:43:56 Sending data: "C51,1,1024,2,32,0,0.000000,10.000000,0"
09.05.19 11:43:56 OP: Sending data
09.05.19 11:43:56 OP: Sending data sucessfull
09.05.19 11:43:56 OP: Receiving data
09.05.19 11:43:56 OP: Receiving data sucessfull
09.05.19 11:43:56 Receiving code: 0x1
09.05.19 11:43:56 OP: Receiving data
09.05.19 11:43:56 OP: Receiving data sucessfull
09.05.19 11:43:56 Sending data: "C51,1,1024,2,32,0,0.000000,10.000000,0"
09.05.19 11:43:56 OP: Sending data
09.05.19 11:43:56 OP: Sending data sucessfull
09.05.19 11:43:56 OP: Receiving data
09.05.19 11:43:56 OP: Receiving data sucessfull
09.05.19 11:43:56 Receiving code: 0x1
09.05.19 11:43:56 OP: Receiving data
09.05.19 11:43:56 OP: Receiving data sucessfull
09.05.19 11:43:56 Sending data: "C51,1,1024,2,32,0,0.000000,10.000000,0"
09.05.19 11:43:56 OP: Sending data
09.05.19 11:43:56 OP: Sending data sucessfull
09.05.19 11:43:56 OP: Receiving data
09.05.19 11:43:56 OP: Receiving data sucessfull
09.05.19 11:43:56 Receiving code: 0x1
09.05.19 11:43:56 OP: Receiving data
09.05.19 11:43:56 OP: Receiving data sucessfull
09.05.19 11:43:56 Sending data: "C51,1,1024,2,32,0,0.000000,10.000000,0"
09.05.19 11:43:56 OP: Sending data
09.05.19 11:43:56 OP: Sending data sucessfull
09.05.19 11:43:56 OP: Receiving data
09.05.19 11:43:56 OP: Receiving data sucessfull
09.05.19 11:43:56 Receiving code: 0x1
09.05.19 11:43:56 OP: Receiving data
09.05.19 11:43:56 OP: Receiving data sucessfull
09.05.19 11:43:56 Sending data: "C51,1,1024,2,32,0,0.000000,10.000000,0"
09.05.19 11:43:56 OP: Sending data
09.05.19 11:43:56 OP: Sending data sucessfull
09.05.19 11:43:56 OP: Receiving data
09.05.19 11:43:56 OP: Receiving data sucessfull
09.05.19 11:43:56 Receiving code: 0x1
09.05.19 11:43:56 OP: Receiving data
09.05.19 11:43:56 OP: Receiving data sucessfull
09.05.19 11:43:56 Sending data: "C51,1,1024,2,32,0,0.000000,10.000000,0"
09.05.19 11:43:56 OP: Sending data
09.05.19 11:43:56 OP: Sending data sucessfull
09.05.19 11:43:56 OP: Receiving data
09.05.19 11:43:56 OP: Receiving data sucessfull
09.05.19 11:43:56 Receiving code: 0x1
09.05.19 11:43:56 OP: Receiving data
09.05.19 11:43:56 OP: Receiving data sucessfull
09.05.19 11:43:56 Sending data: "C51,1,1024,2,32,0,0.000000,10.000000,0"
09.05.19 11:43:56 OP: Sending data
09.05.19 11:43:56 OP: Sending data sucessfull
09.05.19 11:43:56 OP: Receiving data
09.05.19 11:43:56 OP: Receiving data sucessfull
09.05.19 11:43:56 Receiving code: 0x1
09.05.19 11:43:56 OP: Receiving data
09.05.19 11:43:56 OP: Receiving data sucessfull
09.05.19 11:43:56 Sending data: "C51,1,1024,2,32,0,0.000000,10.000000,0"
09.05.19 11:43:56 OP: Sending data
09.05.19 11:43:56 OP: Sending data sucessfull
09.05.19 11:43:56 OP: Receiving data
09.05.19 11:43:56 OP: Receiving data sucessfull
09.05.19 11:43:56 Receiving code: 0x1
09.05.19 11:43:56 OP: Receiving data
09.05.19 11:43:56 OP: Receiving data sucessfull
09.05.19 11:43:56 Sending data: "C51,1,1024,2,32,0,0.000000,10.000000,0"
09.05.19 11:43:56 OP: Sending data
09.05.19 11:43:56 OP: Sending data sucessfull
09.05.19 11:43:56 OP: Receiving data
09.05.19 11:43:56 OP: Receiving data sucessfull
09.05.19 11:43:56 Receiving code: 0x1
09.05.19 11:43:56 OP: Receiving data
09.05.19 11:43:57 OP: Receiving data sucessfull
09.05.19 11:43:57 Sending data: "C51,1,1024,2,32,0,0.000000,10.000000,0"
09.05.19 11:43:57 OP: Sending data
09.05.19 11:43:57 OP: Sending data sucessfull
09.05.19 11:43:57 OP: Receiving data
09.05.19 11:43:57 OP: Receiving data sucessfull
09.05.19 11:43:57 Receiving code: 0x1
09.05.19 11:43:57 OP: Receiving data
09.05.19 11:43:57 OP: Receiving data sucessfull
09.05.19 11:43:57 Sending data: "C51,1,1024,2,32,0,0.000000,10.000000,0"
09.05.19 11:43:57 OP: Sending data
09.05.19 11:43:57 OP: Sending data sucessfull
09.05.19 11:43:57 OP: Receiving data
09.05.19 11:43:57 OP: Receiving data sucessfull
09.05.19 11:43:57 Receiving code: 0x1
09.05.19 11:43:57 OP: Receiving data
09.05.19 11:43:57 OP: Receiving data sucessfull
09.05.19 11:43:57 Sending data: "C51,1,1024,2,32,0,0.000000,10.000000,0"
09.05.19 11:43:57 OP: Sending data
09.05.19 11:43:57 OP: Sending data sucessfull
09.05.19 11:43:57 OP: Receiving data
09.05.19 11:43:57 OP: Receiving data sucessfull
09.05.19 11:43:57 Receiving code: 0x1
09.05.19 11:43:57 OP: Receiving data
09.05.19 11:43:57 OP: Receiving data sucessfull
09.05.19 11:43:57 Sending data: "C51,1,1024,2,32,0,0.000000,10.000000,0"
09.05.19 11:43:57 OP: Sending data
09.05.19 11:43:57 OP: Sending data sucessfull
09.05.19 11:43:57 OP: Receiving data
09.05.19 11:43:57 OP: Receiving data sucessfull
09.05.19 11:43:57 Receiving code: 0x1
09.05.19 11:43:57 OP: Receiving data
09.05.19 11:43:57 OP: Receiving data sucessfull
09.05.19 11:43:57 Sending data: "C51,1,1024,2,32,0,0.000000,10.000000,0"
09.05.19 11:43:57 OP: Sending data
09.05.19 11:43:57 OP: Sending data sucessfull
09.05.19 11:43:57 OP: Receiving data
09.05.19 11:43:57 OP: Receiving data sucessfull
09.05.19 11:43:57 Receiving code: 0x1
09.05.19 11:43:57 OP: Receiving data
09.05.19 11:43:57 OP: Receiving data sucessfull
09.05.19 11:43:57 Sending data: "C51,1,1024,2,32,0,0.000000,10.000000,0"
09.05.19 11:43:57 OP: Sending data
09.05.19 11:43:57 OP: Sending data sucessfull
09.05.19 11:43:57 OP: Receiving data
09.05.19 11:43:57 OP: Receiving data sucessfull
09.05.19 11:43:57 Receiving code: 0x1
09.05.19 11:43:57 OP: Receiving data
09.05.19 11:43:57 OP: Receiving data sucessfull
09.05.19 11:43:57 Sending data: "C51,1,1024,2,32,0,0.000000,10.000000,0"
09.05.19 11:43:57 OP: Sending data
09.05.19 11:43:57 OP: Sending data sucessfull
09.05.19 11:43:57 OP: Receiving data
09.05.19 11:43:57 OP: Receiving data sucessfull
09.05.19 11:43:57 Receiving code: 0x1
09.05.19 11:43:57 OP: Receiving data
09.05.19 11:43:57 OP: Receiving data sucessfull
09.05.19 11:43:57 Sending data: "C51,1,1024,2,32,0,0.000000,10.000000,0"
09.05.19 11:43:57 OP: Sending data
09.05.19 11:43:57 OP: Sending data sucessfull
09.05.19 11:43:57 OP: Receiving data
09.05.19 11:43:57 OP: Receiving data sucessfull
09.05.19 11:43:57 Receiving code: 0x1
09.05.19 11:43:57 OP: Receiving data
09.05.19 11:43:57 OP: Receiving data sucessfull
09.05.19 11:43:57 Sending data: "C51,1,1024,2,32,0,0.000000,10.000000,0"
09.05.19 11:43:57 OP: Sending data
09.05.19 11:43:57 OP: Sending data sucessfull
09.05.19 11:43:57 OP: Receiving data
09.05.19 11:43:57 OP: Receiving data sucessfull
09.05.19 11:43:57 Receiving code: 0x1
09.05.19 11:43:57 OP: Receiving data
09.05.19 11:43:57 OP: Receiving data sucessfull
09.05.19 11:43:57 Sending data: "C51,1,1024,2,32,0,0.000000,10.000000,0"
09.05.19 11:43:57 OP: Sending data
09.05.19 11:43:57 OP: Sending data sucessfull
09.05.19 11:43:57 OP: Receiving data
09.05.19 11:43:57 OP: Receiving data sucessfull
09.05.19 11:43:57 Receiving code: 0x1
09.05.19 11:43:57 OP: Receiving data
09.05.19 11:43:57 OP: Receiving data sucessfull
09.05.19 11:43:57 Sending data: "C51,1,1024,2,32,0,0.000000,10.000000,0"
09.05.19 11:43:57 OP: Sending data
09.05.19 11:43:57 OP: Sending data sucessfull
09.05.19 11:43:57 OP: Receiving data
09.05.19 11:43:57 OP: Receiving data sucessfull
09.05.19 11:43:57 Receiving code: 0x1
09.05.19 11:43:57 OP: Receiving data
09.05.19 11:43:57 OP: Receiving data sucessfull
09.05.19 11:43:57 Sending data: "C51,1,1024,2,32,0,0.000000,10.000000,0"
09.05.19 11:43:57 OP: Sending data
09.05.19 11:43:57 OP: Sending data sucessfull
09.05.19 11:43:57 OP: Receiving data
09.05.19 11:43:57 OP: Receiving data sucessfull
09.05.19 11:43:57 Receiving code: 0x1
09.05.19 11:43:57 OP: Receiving data
09.05.19 11:43:57 OP: Receiving data sucessfull
09.05.19 11:43:57 Sending data: "C51,1,1024,2,32,0,0.000000,10.000000,0"
09.05.19 11:43:57 OP: Sending data
09.05.19 11:43:57 OP: Sending data sucessfull
09.05.19 11:43:57 OP: Receiving data
09.05.19 11:43:57 OP: Receiving data sucessfull
09.05.19 11:43:57 Receiving code: 0x1
09.05.19 11:43:57 OP: Receiving data
09.05.19 11:43:58 OP: Receiving data sucessfull
09.05.19 11:43:58 Sending data: "C51,1,1024,2,32,0,0.000000,10.000000,0"
09.05.19 11:43:58 OP: Sending data
09.05.19 11:43:58 OP: Sending data sucessfull
09.05.19 11:43:58 OP: Receiving data
09.05.19 11:43:58 OP: Receiving data sucessfull
09.05.19 11:43:58 Receiving code: 0x1
09.05.19 11:43:58 OP: Receiving data
09.05.19 11:43:58 OP: Receiving data sucessfull
09.05.19 11:43:58 Sending data: "C51,1,1024,2,32,0,0.000000,10.000000,0"
09.05.19 11:43:58 OP: Sending data
09.05.19 11:43:58 OP: Sending data sucessfull
09.05.19 11:43:58 OP: Receiving data
09.05.19 11:43:58 OP: Receiving data sucessfull
09.05.19 11:43:58 Receiving code: 0x1
09.05.19 11:43:58 OP: Receiving data
09.05.19 11:43:58 OP: Receiving data sucessfull
09.05.19 11:43:58 Sending data: "C51,1,1024,2,32,0,0.000000,10.000000,0"
09.05.19 11:43:58 OP: Sending data
09.05.19 11:43:58 OP: Sending data sucessfull
09.05.19 11:43:58 OP: Receiving data
09.05.19 11:43:58 OP: Receiving data sucessfull
09.05.19 11:43:58 Receiving code: 0x1
09.05.19 11:43:58 OP: Receiving data
09.05.19 11:43:58 OP: Receiving data sucessfull
09.05.19 11:43:58 Sending data: "C51,1,1024,2,32,0,0.000000,10.000000,0"
09.05.19 11:43:58 OP: Sending data
09.05.19 11:43:58 OP: Sending data sucessfull
09.05.19 11:43:58 OP: Receiving data
09.05.19 11:43:58 OP: Receiving data sucessfull
09.05.19 11:43:58 Receiving code: 0x1
09.05.19 11:43:58 OP: Receiving data
09.05.19 11:43:58 OP: Receiving data sucessfull
09.05.19 11:43:58 Sending data: "C51,1,1024,2,32,0,0.000000,10.000000,0"
09.05.19 11:43:58 OP: Sending data
09.05.19 11:43:58 OP: Sending data sucessfull
09.05.19 11:43:58 OP: Receiving data
09.05.19 11:43:58 OP: Receiving data sucessfull
09.05.19 11:43:58 Receiving code: 0x1
09.05.19 11:43:58 OP: Receiving data
09.05.19 11:43:58 OP: Receiving data sucessfull
09.05.19 11:43:58 Sending data: "C51,1,1024,2,32,0,0.000000,10.000000,0"
09.05.19 11:43:58 OP: Sending data
09.05.19 11:43:58 OP: Sending data sucessfull
09.05.19 11:43:58 OP: Receiving data
09.05.19 11:43:58 OP: Receiving data sucessfull
09.05.19 11:43:58 Receiving code: 0x1
09.05.19 11:43:58 OP: Receiving data
09.05.19 11:43:58 OP: Receiving data sucessfull
09.05.19 11:43:58 Sending data: "C51,1,1024,2,32,0,0.000000,10.000000,0"
09.05.19 11:43:58 OP: Sending data
09.05.19 11:43:58 OP: Sending data sucessfull
09.05.19 11:43:58 OP: Receiving data
09.05.19 11:43:58 OP: Receiving data sucessfull
09.05.19 11:43:58 Receiving code: 0x1
09.05.19 11:43:58 OP: Receiving data
09.05.19 11:43:58 OP: Receiving data sucessfull
09.05.19 11:43:58 Sending data: "C51,1,1024,2,32,0,0.000000,10.000000,0"
09.05.19 11:43:58 OP: Sending data
09.05.19 11:43:58 OP: Sending data sucessfull
09.05.19 11:43:58 OP: Receiving data
09.05.19 11:43:58 OP: Receiving data sucessfull
09.05.19 11:43:58 Receiving code: 0x1
09.05.19 11:43:58 OP: Receiving data
09.05.19 11:43:58 OP: Receiving data sucessfull
09.05.19 11:43:58 Sending data: "C51,1,1024,2,32,0,0.000000,10.000000,0"
09.05.19 11:43:58 OP: Sending data
09.05.19 11:43:58 OP: Sending data sucessfull
09.05.19 11:43:58 OP: Receiving data
09.05.19 11:43:58 OP: Receiving data sucessfull
09.05.19 11:43:58 Receiving code: 0x1
09.05.19 11:43:58 OP: Receiving data
09.05.19 11:43:58 OP: Receiving data sucessfull
09.05.19 11:43:58 Sending data: "C51,1,1024,2,32,0,0.000000,10.000000,0"
09.05.19 11:43:58 OP: Sending data
09.05.19 11:43:58 OP: Sending data sucessfull
09.05.19 11:43:58 OP: Receiving data
09.05.19 11:43:58 OP: Receiving data sucessfull
09.05.19 11:43:58 Receiving code: 0x1
09.05.19 11:43:58 OP: Receiving data
09.05.19 11:43:58 OP: Receiving data sucessfull
09.05.19 11:43:58 Sending data: "C51,1,1024,2,32,0,0.000000,10.000000,0"
09.05.19 11:43:58 OP: Sending data
09.05.19 11:43:58 OP: Sending data sucessfull
09.05.19 11:43:58 OP: Receiving data
09.05.19 11:43:58 OP: Receiving data sucessfull
09.05.19 11:43:58 Receiving code: 0x1
09.05.19 11:43:58 OP: Receiving data
09.05.19 11:43:58 OP: Receiving data sucessfull
09.05.19 11:43:58 Sending data: "C51,1,1024,2,32,0,0.000000,10.000000,0"
09.05.19 11:43:58 OP: Sending data
09.05.19 11:43:58 OP: Sending data sucessfull
09.05.19 11:43:58 OP: Receiving data
09.05.19 11:43:58 OP: Receiving data sucessfull
09.05.19 11:43:58 Receiving code: 0x1
09.05.19 11:43:58 OP: Receiving data
09.05.19 11:43:58 OP: Receiving data sucessfull
09.05.19 11:43:58 Sending data: "C51,1,1024,2,32,0,0.000000,10.000000,0"
09.05.19 11:43:58 OP: Sending data
09.05.19 11:43:58 OP: Sending data sucessfull
09.05.19 11:43:58 OP: Receiving data
09.05.19 11:43:58 OP: Receiving data sucessfull
09.05.19 11:43:58 Receiving code: 0x1
09.05.19 11:43:58 OP: Receiving data
09.05.19 11:43:59 OP: Receiving data sucessfull
09.05.19 11:43:59 Sending data: "C51,1,1024,2,32,0,0.000000,10.000000,0"
09.05.19 11:43:59 OP: Sending data
09.05.19 11:43:59 OP: Sending data sucessfull
09.05.19 11:43:59 OP: Receiving data
09.05.19 11:43:59 OP: Receiving data sucessfull
09.05.19 11:43:59 Receiving code: 0x1
09.05.19 11:43:59 OP: Receiving data
09.05.19 11:43:59 OP: Receiving data sucessfull
09.05.19 11:43:59 Sending data: "C51,1,1024,2,32,0,0.000000,10.000000,0"
09.05.19 11:43:59 OP: Sending data
09.05.19 11:43:59 OP: Sending data sucessfull
09.05.19 11:43:59 OP: Receiving data
09.05.19 11:43:59 OP: Receiving data sucessfull
09.05.19 11:43:59 Receiving code: 0x1
09.05.19 11:43:59 OP: Receiving data
09.05.19 11:43:59 OP: Receiving data sucessfull
09.05.19 11:43:59 Sending data: "C51,1,1024,2,32,0,0.000000,10.000000,0"
09.05.19 11:43:59 OP: Sending data
09.05.19 11:43:59 OP: Sending data sucessfull
09.05.19 11:43:59 OP: Receiving data
09.05.19 11:43:59 OP: Receiving data sucessfull
09.05.19 11:43:59 Receiving code: 0x1
09.05.19 11:43:59 OP: Receiving data
09.05.19 11:43:59 OP: Receiving data sucessfull
09.05.19 11:43:59 Sending data: "C51,1,1024,2,32,0,0.000000,10.000000,0"
09.05.19 11:43:59 OP: Sending data
09.05.19 11:43:59 OP: Sending data sucessfull
09.05.19 11:43:59 OP: Receiving data
09.05.19 11:43:59 OP: Receiving data sucessfull
09.05.19 11:43:59 Receiving code: 0x1
09.05.19 11:43:59 OP: Receiving data
09.05.19 11:43:59 OP: Receiving data sucessfull
09.05.19 11:43:59 Sending data: "C51,1,1024,2,32,0,0.000000,10.000000,0"
09.05.19 11:43:59 OP: Sending data
09.05.19 11:43:59 OP: Sending data sucessfull
09.05.19 11:43:59 OP: Receiving data
09.05.19 11:43:59 OP: Receiving data sucessfull
09.05.19 11:43:59 Receiving code: 0x1
09.05.19 11:43:59 OP: Receiving data
09.05.19 11:43:59 OP: Receiving data sucessfull
09.05.19 11:43:59 Sending data: "C51,1,1024,2,32,0,0.000000,10.000000,0"
09.05.19 11:43:59 OP: Sending data
09.05.19 11:43:59 OP: Sending data sucessfull
09.05.19 11:43:59 OP: Receiving data
09.05.19 11:43:59 OP: Receiving data sucessfull
09.05.19 11:43:59 Receiving code: 0x1
09.05.19 11:43:59 OP: Receiving data
09.05.19 11:43:59 OP: Receiving data sucessfull
09.05.19 11:43:59 Sending data: "C51,1,1024,2,32,0,0.000000,10.000000,0"
09.05.19 11:43:59 OP: Sending data
09.05.19 11:43:59 OP: Sending data sucessfull
09.05.19 11:43:59 OP: Receiving data
09.05.19 11:43:59 OP: Receiving data sucessfull
09.05.19 11:43:59 Receiving code: 0x1
09.05.19 11:43:59 OP: Receiving data
09.05.19 11:43:59 OP: Receiving data sucessfull
09.05.19 11:43:59 Sending data: "C51,1,1024,2,32,0,0.000000,10.000000,0"
09.05.19 11:43:59 OP: Sending data
09.05.19 11:43:59 OP: Sending data sucessfull
09.05.19 11:43:59 OP: Receiving data
09.05.19 11:43:59 OP: Receiving data sucessfull
09.05.19 11:43:59 Receiving code: 0x1
09.05.19 11:43:59 OP: Receiving data
09.05.19 11:43:59 OP: Receiving data sucessfull
09.05.19 11:43:59 Sending data: "C51,1,1024,2,32,0,0.000000,10.000000,0"
09.05.19 11:43:59 OP: Sending data
09.05.19 11:43:59 OP: Sending data sucessfull
09.05.19 11:43:59 OP: Receiving data
09.05.19 11:43:59 OP: Receiving data sucessfull
09.05.19 11:43:59 Receiving code: 0x1
09.05.19 11:43:59 OP: Receiving data
09.05.19 11:43:59 OP: Receiving data sucessfull
09.05.19 11:43:59 Sending data: "C51,1,1024,2,32,0,0.000000,10.000000,0"
09.05.19 11:43:59 OP: Sending data
09.05.19 11:43:59 OP: Sending data sucessfull
09.05.19 11:43:59 OP: Receiving data
09.05.19 11:43:59 OP: Receiving data sucessfull
09.05.19 11:43:59 Receiving code: 0x1
09.05.19 11:43:59 OP: Receiving data
09.05.19 11:43:59 OP: Receiving data sucessfull
09.05.19 11:43:59 Sending data: "C51,1,1024,2,32,0,0.000000,10.000000,0"
09.05.19 11:43:59 OP: Sending data
09.05.19 11:43:59 OP: Sending data sucessfull
09.05.19 11:43:59 OP: Receiving data
09.05.19 11:43:59 OP: Receiving data sucessfull
09.05.19 11:43:59 Receiving code: 0x1
09.05.19 11:43:59 OP: Receiving data
09.05.19 11:43:59 OP: Receiving data sucessfull
09.05.19 11:43:59 Sending data: "C51,1,1024,2,32,0,0.000000,10.000000,0"
09.05.19 11:43:59 OP: Sending data
09.05.19 11:43:59 OP: Sending data sucessfull
09.05.19 11:43:59 OP: Receiving data
09.05.19 11:43:59 OP: Receiving data sucessfull
09.05.19 11:43:59 Receiving code: 0x1
09.05.19 11:43:59 OP: Receiving data
09.05.19 11:43:59 OP: Receiving data sucessfull
09.05.19 11:44:00 Sending data: "C51,1,1024,2,32,0,0.000000,10.000000,0"
09.05.19 11:44:00 OP: Sending data
09.05.19 11:44:00 OP: Sending data sucessfull
09.05.19 11:44:00 OP: Receiving data
09.05.19 11:44:00 OP: Receiving data sucessfull
09.05.19 11:44:00 Receiving code: 0x1
09.05.19 11:44:00 OP: Receiving data
09.05.19 11:44:00 OP: Receiving data sucessfull
09.05.19 11:44:00 Sending data: "C51,1,1024,2,32,0,0.000000,10.000000,0"
09.05.19 11:44:00 OP: Sending data
09.05.19 11:44:00 OP: Sending data sucessfull
09.05.19 11:44:00 OP: Receiving data
09.05.19 11:44:00 OP: Receiving data sucessfull
09.05.19 11:44:00 Receiving code: 0x1
09.05.19 11:44:00 OP: Receiving data
09.05.19 11:44:00 OP: Receiving data sucessfull
09.05.19 11:44:00 Sending data: "C51,1,1024,2,32,0,0.000000,10.000000,0"
09.05.19 11:44:00 OP: Sending data
09.05.19 11:44:00 OP: Sending data sucessfull
09.05.19 11:44:00 OP: Receiving data
09.05.19 11:44:00 OP: Receiving data sucessfull
09.05.19 11:44:00 Receiving code: 0x1
09.05.19 11:44:00 OP: Receiving data
09.05.19 11:44:00 OP: Receiving data sucessfull
09.05.19 11:44:00 Sending data: "C51,1,1024,2,32,0,0.000000,10.000000,0"
09.05.19 11:44:00 OP: Sending data
09.05.19 11:44:00 OP: Sending data sucessfull
09.05.19 11:44:00 OP: Receiving data
09.05.19 11:44:00 OP: Receiving data sucessfull
09.05.19 11:44:00 Receiving code: 0x1
09.05.19 11:44:00 OP: Receiving data
09.05.19 11:44:00 OP: Receiving data sucessfull
09.05.19 11:44:00 Sending data: "C51,1,1024,2,32,0,0.000000,10.000000,0"
09.05.19 11:44:00 OP: Sending data
09.05.19 11:44:00 OP: Sending data sucessfull
09.05.19 11:44:00 OP: Receiving data
09.05.19 11:44:00 OP: Receiving data sucessfull
09.05.19 11:44:00 Receiving code: 0x1
09.05.19 11:44:00 OP: Receiving data
09.05.19 11:44:00 OP: Receiving data sucessfull
09.05.19 11:44:00 Sending data: "C51,1,1024,2,32,0,0.000000,10.000000,0"
09.05.19 11:44:00 OP: Sending data
09.05.19 11:44:00 OP: Sending data sucessfull
09.05.19 11:44:00 OP: Receiving data
09.05.19 11:44:00 OP: Receiving data sucessfull
09.05.19 11:44:00 Receiving code: 0x1
09.05.19 11:44:00 OP: Receiving data
09.05.19 11:44:00 OP: Receiving data sucessfull
09.05.19 11:44:00 Sending data: "C51,1,1024,2,32,0,0.000000,10.000000,0"
09.05.19 11:44:00 OP: Sending data
09.05.19 11:44:00 OP: Sending data sucessfull
09.05.19 11:44:00 OP: Receiving data
09.05.19 11:44:00 OP: Receiving data sucessfull
09.05.19 11:44:00 Receiving code: 0x1
09.05.19 11:44:00 OP: Receiving data
09.05.19 11:44:00 OP: Receiving data sucessfull
09.05.19 11:44:00 Sending data: "C51,1,1024,2,32,0,0.000000,10.000000,0"
09.05.19 11:44:00 OP: Sending data
09.05.19 11:44:00 OP: Sending data sucessfull
09.05.19 11:44:00 OP: Receiving data
09.05.19 11:44:00 OP: Receiving data sucessfull
09.05.19 11:44:00 Receiving code: 0x1
09.05.19 11:44:00 OP: Receiving data
