09.05.19 09:28:39 OP: Sending data sucessfull
09.05.19 09:28:39 OP: Receiving data
09.05.19 09:28:39 OP: Receiving data sucessfull
09.05.19 09:28:39 Receiving code: 0x1
09.05.19 09:28:39 OP: Receiving data
09.05.19 09:28:39 OP: Receiving data sucessfull
09.05.19 09:28:39 Sending data: "C51,1,2048,2,32,0,0.000000,100.000001,0"
09.05.19 09:28:39 OP: Sending data
09.05.19 09:28:39 OP: Sending data sucessfull
09.05.19 09:28:39 OP: Receiving data
09.05.19 09:28:39 OP: Receiving data sucessfull
09.05.19 09:28:39 Receiving code: 0x1
09.05.19 09:28:39 OP: Receiving data
09.05.19 09:28:39 OP: Receiving data sucessfull
09.05.19 09:28:39 Sending data: "C51,1,2048,2,32,0,0.000000,100.000001,0"
09.05.19 09:28:39 OP: Sending data
09.05.19 09:28:39 OP: Sending data sucessfull
09.05.19 09:28:39 OP: Receiving data
09.05.19 09:28:39 OP: Receiving data sucessfull
09.05.19 09:28:39 Receiving code: 0x1
09.05.19 09:28:39 OP: Receiving data
09.05.19 09:28:40 OP: Receiving data sucessfull
09.05.19 09:28:40 Sending data: "C51,1,2048,2,32,0,0.000000,100.000001,0"
09.05.19 09:28:40 OP: Sending data
09.05.19 09:28:40 OP: Sending data sucessfull
09.05.19 09:28:40 OP: Receiving data
09.05.19 09:28:40 OP: Receiving data sucessfull
09.05.19 09:28:40 Receiving code: 0x1
09.05.19 09:28:40 OP: Receiving data
09.05.19 09:28:40 OP: Receiving data sucessfull
09.05.19 09:28:40 Sending data: "C51,1,2048,2,32,0,0.000000,100.000001,0"
09.05.19 09:28:40 OP: Sending data
09.05.19 09:28:40 OP: Sending data sucessfull
09.05.19 09:28:40 OP: Receiving data
09.05.19 09:28:40 OP: Receiving data sucessfull
09.05.19 09:28:40 Receiving code: 0x1
09.05.19 09:28:40 OP: Receiving data
09.05.19 09:28:40 OP: Receiving data sucessfull
09.05.19 09:28:40 Sending data: "C51,1,2048,2,32,0,0.000000,100.000001,0"
09.05.19 09:28:40 OP: Sending data
09.05.19 09:28:40 OP: Sending data sucessfull
09.05.19 09:28:40 OP: Receiving data
09.05.19 09:28:40 OP: Receiving data sucessfull
09.05.19 09:28:40 Receiving code: 0x1
09.05.19 09:28:40 OP: Receiving data
09.05.19 09:28:40 OP: Receiving data sucessfull
09.05.19 09:28:40 Sending data: "C51,1,2048,2,32,0,0.000000,100.000001,0"
09.05.19 09:28:40 OP: Sending data
09.05.19 09:28:40 OP: Sending data sucessfull
09.05.19 09:28:40 OP: Receiving data
09.05.19 09:28:40 OP: Receiving data sucessfull
09.05.19 09:28:40 Receiving code: 0x1
09.05.19 09:28:40 OP: Receiving data
09.05.19 09:28:40 OP: Receiving data sucessfull
09.05.19 09:28:40 Sending data: "C51,1,2048,2,32,0,0.000000,100.000001,0"
09.05.19 09:28:40 OP: Sending data
09.05.19 09:28:40 OP: Sending data sucessfull
09.05.19 09:28:40 OP: Receiving data
09.05.19 09:28:40 OP: Receiving data sucessfull
09.05.19 09:28:40 Receiving code: 0x1
09.05.19 09:28:40 OP: Receiving data
09.05.19 09:28:41 OP: Receiving data sucessfull
09.05.19 09:28:41 Sending data: "C51,1,2048,2,32,0,0.000000,100.000001,0"
09.05.19 09:28:41 OP: Sending data
09.05.19 09:28:41 OP: Sending data sucessfull
09.05.19 09:28:41 OP: Receiving data
09.05.19 09:28:41 OP: Receiving data sucessfull
09.05.19 09:28:41 Receiving code: 0x1
09.05.19 09:28:41 OP: Receiving data
09.05.19 09:28:41 OP: Receiving data sucessfull
09.05.19 09:28:41 Sending data: "C51,1,2048,2,32,0,0.000000,100.000001,0"
09.05.19 09:28:41 OP: Sending data
09.05.19 09:28:41 OP: Sending data sucessfull
09.05.19 09:28:41 OP: Receiving data
09.05.19 09:28:41 OP: Receiving data sucessfull
09.05.19 09:28:41 Receiving code: 0x1
09.05.19 09:28:41 OP: Receiving data
09.05.19 09:28:41 OP: Receiving data sucessfull
09.05.19 09:28:41 Sending data: "C51,1,2048,2,32,0,0.000000,100.000001,0"
09.05.19 09:28:41 OP: Sending data
09.05.19 09:28:41 OP: Sending data sucessfull
09.05.19 09:28:41 OP: Receiving data
09.05.19 09:28:41 OP: Receiving data sucessfull
09.05.19 09:28:41 Receiving code: 0x1
09.05.19 09:28:41 OP: Receiving data
09.05.19 09:28:41 OP: Receiving data sucessfull
09.05.19 09:28:41 Sending data: "C51,1,2048,2,32,0,0.000000,100.000001,0"
09.05.19 09:28:41 OP: Sending data
09.05.19 09:28:41 OP: Sending data sucessfull
09.05.19 09:28:41 OP: Receiving data
09.05.19 09:28:41 OP: Receiving data sucessfull
09.05.19 09:28:41 Receiving code: 0x1
09.05.19 09:28:41 OP: Receiving data
09.05.19 09:28:42 OP: Receiving data sucessfull
09.05.19 09:28:42 Sending data: "C51,1,2048,2,32,0,0.000000,100.000001,0"
09.05.19 09:28:42 OP: Sending data
09.05.19 09:28:42 OP: Sending data sucessfull
09.05.19 09:28:42 OP: Receiving data
09.05.19 09:28:42 OP: Receiving data sucessfull
09.05.19 09:28:42 Receiving code: 0x1
09.05.19 09:28:42 OP: Receiving data
09.05.19 09:28:42 OP: Receiving data sucessfull
09.05.19 09:28:42 Sending data: "C51,1,2048,2,32,0,0.000000,100.000001,0"
09.05.19 09:28:42 OP: Sending data
09.05.19 09:28:42 OP: Sending data sucessfull
09.05.19 09:28:42 OP: Receiving data
09.05.19 09:28:42 OP: Receiving data sucessfull
09.05.19 09:28:42 Receiving code: 0x1
09.05.19 09:28:42 OP: Receiving data
09.05.19 09:28:42 OP: Receiving data sucessfull
09.05.19 09:28:42 Sending data: "C51,1,2048,2,32,0,0.000000,100.000001,0"
09.05.19 09:28:42 OP: Sending data
09.05.19 09:28:42 OP: Sending data sucessfull
09.05.19 09:28:42 OP: Receiving data
09.05.19 09:28:42 OP: Receiving data sucessfull
09.05.19 09:28:42 Receiving code: 0x1
09.05.19 09:28:42 OP: Receiving data
09.05.19 09:28:42 OP: Receiving data sucessfull
09.05.19 09:28:42 Sending data: "C51,1,2048,2,32,0,0.000000,100.000001,0"
09.05.19 09:28:42 OP: Sending data
09.05.19 09:28:42 OP: Sending data sucessfull
09.05.19 09:28:42 OP: Receiving data
09.05.19 09:28:42 OP: Receiving data sucessfull
09.05.19 09:28:42 Receiving code: 0x1
09.05.19 09:28:42 OP: Receiving data
09.05.19 09:28:42 OP: Receiving data sucessfull
09.05.19 09:28:42 Sending data: "C51,1,2048,2,32,0,0.000000,100.000001,0"
09.05.19 09:28:42 OP: Sending data
09.05.19 09:28:42 OP: Sending data sucessfull
09.05.19 09:28:42 OP: Receiving data
09.05.19 09:28:42 OP: Receiving data sucessfull
09.05.19 09:28:42 Receiving code: 0x1
09.05.19 09:28:42 OP: Receiving data
09.05.19 09:28:43 OP: Receiving data sucessfull
09.05.19 09:28:43 Sending data: "C51,1,2048,2,32,0,0.000000,100.000001,0"
09.05.19 09:28:43 OP: Sending data
09.05.19 09:28:43 OP: Sending data sucessfull
09.05.19 09:28:43 OP: Receiving data
09.05.19 09:28:43 OP: Receiving data sucessfull
09.05.19 09:28:43 Receiving code: 0x1
09.05.19 09:28:43 OP: Receiving data
09.05.19 09:28:43 OP: Receiving data sucessfull
09.05.19 09:28:43 Sending data: "C51,1,2048,2,32,0,0.000000,100.000001,0"
09.05.19 09:28:43 OP: Sending data
09.05.19 09:28:43 OP: Sending data sucessfull
09.05.19 09:28:43 OP: Receiving data
09.05.19 09:28:43 OP: Receiving data sucessfull
09.05.19 09:28:43 Receiving code: 0x1
09.05.19 09:28:43 OP: Receiving data
09.05.19 09:28:43 OP: Receiving data sucessfull
09.05.19 09:28:43 Sending data: "C51,1,2048,2,32,0,0.000000,100.000001,0"
09.05.19 09:28:43 OP: Sending data
09.05.19 09:28:43 OP: Sending data sucessfull
09.05.19 09:28:43 OP: Receiving data
09.05.19 09:28:43 OP: Receiving data sucessfull
09.05.19 09:28:43 Receiving code: 0x1
09.05.19 09:28:43 OP: Receiving data
09.05.19 09:28:43 OP: Receiving data sucessfull
09.05.19 09:28:43 Sending data: "C51,1,2048,2,32,0,0.000000,100.000001,0"
09.05.19 09:28:43 OP: Sending data
09.05.19 09:28:43 OP: Sending data sucessfull
09.05.19 09:28:43 OP: Receiving data
09.05.19 09:28:43 OP: Receiving data sucessfull
09.05.19 09:28:43 Receiving code: 0x1
09.05.19 09:28:43 OP: Receiving data
09.05.19 09:28:43 OP: Receiving data sucessfull
09.05.19 09:28:44 Sending data: "C51,1,2048,2,32,0,0.000000,100.000001,0"
09.05.19 09:28:44 OP: Sending data
09.05.19 09:28:44 OP: Sending data sucessfull
09.05.19 09:28:44 OP: Receiving data
09.05.19 09:28:44 OP: Receiving data sucessfull
09.05.19 09:28:44 Receiving code: 0x1
09.05.19 09:28:44 OP: Receiving data
09.05.19 09:28:44 OP: Receiving data sucessfull
09.05.19 09:28:44 Sending data: "C51,1,2048,2,32,0,0.000000,100.000001,0"
09.05.19 09:28:44 OP: Sending data
09.05.19 09:28:44 OP: Sending data sucessfull
09.05.19 09:28:44 OP: Receiving data
09.05.19 09:28:44 OP: Receiving data sucessfull
09.05.19 09:28:44 Receiving code: 0x1
09.05.19 09:28:44 OP: Receiving data
09.05.19 09:28:44 OP: Receiving data sucessfull
09.05.19 09:28:44 Sending data: "C51,1,2048,2,32,0,0.000000,100.000001,0"
09.05.19 09:28:44 OP: Sending data
09.05.19 09:28:44 OP: Sending data sucessfull
09.05.19 09:28:44 OP: Receiving data
09.05.19 09:28:44 OP: Receiving data sucessfull
09.05.19 09:28:44 Receiving code: 0x1
09.05.19 09:28:44 OP: Receiving data
09.05.19 09:28:44 OP: Receiving data sucessfull
09.05.19 09:28:44 Sending data: "C51,1,2048,2,32,0,0.000000,100.000001,0"
09.05.19 09:28:44 OP: Sending data
09.05.19 09:28:44 OP: Sending data sucessfull
09.05.19 09:28:44 OP: Receiving data
09.05.19 09:28:44 OP: Receiving data sucessfull
09.05.19 09:28:44 Receiving code: 0x1
09.05.19 09:28:44 OP: Receiving data
09.05.19 09:28:44 OP: Receiving data sucessfull
09.05.19 09:28:44 Sending data: "C51,1,2048,2,32,0,0.000000,100.000001,0"
09.05.19 09:28:44 OP: Sending data
09.05.19 09:28:44 OP: Sending data sucessfull
09.05.19 09:28:44 OP: Receiving data
09.05.19 09:28:44 OP: Receiving data sucessfull
09.05.19 09:28:44 Receiving code: 0x1
09.05.19 09:28:44 OP: Receiving data
09.05.19 09:28:45 OP: Receiving data sucessfull
09.05.19 09:28:45 Sending data: "C51,1,2048,2,32,0,0.000000,100.000001,0"
09.05.19 09:28:45 OP: Sending data
09.05.19 09:28:45 OP: Sending data sucessfull
09.05.19 09:28:45 OP: Receiving data
09.05.19 09:28:45 OP: Receiving data sucessfull
09.05.19 09:28:45 Receiving code: 0x1
09.05.19 09:28:45 OP: Receiving data
09.05.19 09:28:45 OP: Receiving data sucessfull
09.05.19 09:28:45 Sending data: "C51,1,2048,2,32,0,0.000000,100.000001,0"
09.05.19 09:28:45 OP: Sending data
09.05.19 09:28:45 OP: Sending data sucessfull
09.05.19 09:28:45 OP: Receiving data
09.05.19 09:28:45 OP: Receiving data sucessfull
09.05.19 09:28:45 Receiving code: 0x1
09.05.19 09:28:45 OP: Receiving data
09.05.19 09:28:45 OP: Receiving data sucessfull
09.05.19 09:28:45 Sending data: "C51,1,2048,2,32,0,0.000000,100.000001,0"
09.05.19 09:28:45 OP: Sending data
09.05.19 09:28:45 OP: Sending data sucessfull
09.05.19 09:28:45 OP: Receiving data
09.05.19 09:28:45 OP: Receiving data sucessfull
09.05.19 09:28:45 Receiving code: 0x1
09.05.19 09:28:45 OP: Receiving data
09.05.19 09:28:45 OP: Receiving data sucessfull
09.05.19 09:28:45 Sending data: "C51,1,2048,2,32,0,0.000000,100.000001,0"
09.05.19 09:28:45 OP: Sending data
09.05.19 09:28:45 OP: Sending data sucessfull
09.05.19 09:28:45 OP: Receiving data
09.05.19 09:28:45 OP: Receiving data sucessfull
09.05.19 09:28:45 Receiving code: 0x1
09.05.19 09:28:45 OP: Receiving data
09.05.19 09:28:45 OP: Receiving data sucessfull
09.05.19 09:28:45 Sending data: "C51,1,2048,2,32,0,0.000000,100.000001,0"
09.05.19 09:28:45 OP: Sending data
09.05.19 09:28:45 OP: Sending data sucessfull
09.05.19 09:28:45 OP: Receiving data
09.05.19 09:28:46 OP: Receiving data sucessfull
09.05.19 09:28:46 Receiving code: 0x1
09.05.19 09:28:46 OP: Receiving data
09.05.19 09:28:46 OP: Receiving data sucessfull
09.05.19 09:28:46 Sending data: "C51,1,2048,2,32,0,0.000000,100.000001,0"
09.05.19 09:28:46 OP: Sending data
09.05.19 09:28:46 OP: Sending data sucessfull
09.05.19 09:28:46 OP: Receiving data
09.05.19 09:28:46 OP: Receiving data sucessfull
09.05.19 09:28:46 Receiving code: 0x1
09.05.19 09:28:46 OP: Receiving data
09.05.19 09:28:46 OP: Receiving data sucessfull
09.05.19 09:28:46 Sending data: "C51,1,2048,2,32,0,0.000000,100.000001,0"
09.05.19 09:28:46 OP: Sending data
09.05.19 09:28:46 OP: Sending data sucessfull
09.05.19 09:28:46 OP: Receiving data
09.05.19 09:28:46 OP: Receiving data sucessfull
09.05.19 09:28:46 Receiving code: 0x1
09.05.19 09:28:46 OP: Receiving data
09.05.19 09:28:46 OP: Receiving data sucessfull
09.05.19 09:28:46 Sending data: "C51,1,2048,2,32,0,0.000000,100.000001,0"
09.05.19 09:28:46 OP: Sending data
09.05.19 09:28:46 OP: Sending data sucessfull
09.05.19 09:28:46 OP: Receiving data
09.05.19 09:28:46 OP: Receiving data sucessfull
09.05.19 09:28:46 Receiving code: 0x1
09.05.19 09:28:46 OP: Receiving data
09.05.19 09:28:46 OP: Receiving data sucessfull
09.05.19 09:28:46 Sending data: "C51,1,2048,2,32,0,0.000000,100.000001,0"
09.05.19 09:28:46 OP: Sending data
09.05.19 09:28:46 OP: Sending data sucessfull
09.05.19 09:28:46 OP: Receiving data
09.05.19 09:28:46 OP: Receiving data sucessfull
09.05.19 09:28:46 Receiving code: 0x1
09.05.19 09:28:46 OP: Receiving data
09.05.19 09:28:47 OP: Receiving data sucessfull
09.05.19 09:28:47 Sending data: "C51,1,2048,2,32,0,0.000000,100.000001,0"
09.05.19 09:28:47 OP: Sending data
09.05.19 09:28:47 OP: Sending data sucessfull
09.05.19 09:28:47 OP: Receiving data
09.05.19 09:28:47 OP: Receiving data sucessfull
09.05.19 09:28:47 Receiving code: 0x1
09.05.19 09:28:47 OP: Receiving data
09.05.19 09:28:47 OP: Receiving data sucessfull
09.05.19 09:28:47 Sending data: "C51,1,2048,2,32,0,0.000000,100.000001,0"
09.05.19 09:28:47 OP: Sending data
09.05.19 09:28:47 OP: Sending data sucessfull
09.05.19 09:28:47 OP: Receiving data
09.05.19 09:28:47 OP: Receiving data sucessfull
09.05.19 09:28:47 Receiving code: 0x1
09.05.19 09:28:47 OP: Receiving data
09.05.19 09:28:47 OP: Receiving data sucessfull
09.05.19 09:28:47 Sending data: "C51,1,2048,2,32,0,0.000000,100.000001,0"
09.05.19 09:28:47 OP: Sending data
09.05.19 09:28:47 OP: Sending data sucessfull
09.05.19 09:28:47 OP: Receiving data
09.05.19 09:28:47 OP: Receiving data sucessfull
09.05.19 09:28:47 Receiving code: 0x1
09.05.19 09:28:47 OP: Receiving data
09.05.19 09:28:47 OP: Receiving data sucessfull
09.05.19 09:28:47 Sending data: "C51,1,2048,2,32,0,0.000000,100.000001,0"
09.05.19 09:28:47 OP: Sending data
09.05.19 09:28:47 OP: Sending data sucessfull
09.05.19 09:28:47 OP: Receiving data
09.05.19 09:28:47 OP: Receiving data sucessfull
09.05.19 09:28:47 Receiving code: 0x1
09.05.19 09:28:47 OP: Receiving data
09.05.19 09:28:47 OP: Receiving data sucessfull
09.05.19 09:28:47 Sending data: "C51,1,2048,2,32,0,0.000000,100.000001,0"
09.05.19 09:28:47 OP: Sending data
09.05.19 09:28:47 OP: Sending data sucessfull
09.05.19 09:28:47 OP: Receiving data
09.05.19 09:28:47 OP: Receiving data sucessfull
09.05.19 09:28:47 Receiving code: 0x1
09.05.19 09:28:47 OP: Receiving data
09.05.19 09:28:48 OP: Receiving data sucessfull
09.05.19 09:28:48 Sending data: "C51,1,2048,2,32,0,0.000000,100.000001,0"
09.05.19 09:28:48 OP: Sending data
09.05.19 09:28:48 OP: Sending data sucessfull
09.05.19 09:28:48 OP: Receiving data
09.05.19 09:28:48 OP: Receiving data sucessfull
09.05.19 09:28:48 Receiving code: 0x1
09.05.19 09:28:48 OP: Receiving data
09.05.19 09:28:48 OP: Receiving data sucessfull
09.05.19 09:28:48 Sending data: "C51,1,2048,2,32,0,0.000000,100.000001,0"
09.05.19 09:28:48 OP: Sending data
09.05.19 09:28:48 OP: Sending data sucessfull
09.05.19 09:28:48 OP: Receiving data
09.05.19 09:28:48 OP: Receiving data sucessfull
09.05.19 09:28:48 Receiving code: 0x1
09.05.19 09:28:48 OP: Receiving data
09.05.19 09:28:48 OP: Receiving data sucessfull
09.05.19 09:28:48 Sending data: "C51,1,2048,2,32,0,0.000000,100.000001,0"
09.05.19 09:28:48 OP: Sending data
09.05.19 09:28:48 OP: Sending data sucessfull
09.05.19 09:28:48 OP: Receiving data
09.05.19 09:28:48 OP: Receiving data sucessfull
09.05.19 09:28:48 Receiving code: 0x1
09.05.19 09:28:48 OP: Receiving data
09.05.19 09:28:48 OP: Receiving data sucessfull
09.05.19 09:28:48 Sending data: "C51,1,2048,2,32,0,0.000000,100.000001,0"
09.05.19 09:28:48 OP: Sending data
09.05.19 09:28:48 OP: Sending data sucessfull
09.05.19 09:28:48 OP: Receiving data
09.05.19 09:28:48 OP: Receiving data sucessfull
09.05.19 09:28:48 Receiving code: 0x1
09.05.19 09:28:48 OP: Receiving data
09.05.19 09:28:49 OP: Receiving data sucessfull
09.05.19 09:28:49 Sending data: "C51,1,2048,2,32,0,0.000000,100.000001,0"
09.05.19 09:28:49 OP: Sending data
09.05.19 09:28:49 OP: Sending data sucessfull
09.05.19 09:28:49 OP: Receiving data
09.05.19 09:28:49 OP: Receiving data sucessfull
09.05.19 09:28:49 Receiving code: 0x1
09.05.19 09:28:49 OP: Receiving data
09.05.19 09:28:49 OP: Receiving data sucessfull
09.05.19 09:28:49 Sending data: "C51,1,2048,2,32,0,0.000000,100.000001,0"
09.05.19 09:28:49 OP: Sending data
09.05.19 09:28:49 OP: Sending data sucessfull
09.05.19 09:28:49 OP: Receiving data
09.05.19 09:28:49 OP: Receiving data sucessfull
09.05.19 09:28:49 Receiving code: 0x1
09.05.19 09:28:49 OP: Receiving data
09.05.19 09:28:49 OP: Receiving data sucessfull
09.05.19 09:28:49 Sending data: "C51,1,2048,2,32,0,0.000000,100.000001,0"
09.05.19 09:28:49 OP: Sending data
09.05.19 09:28:49 OP: Sending data sucessfull
09.05.19 09:28:49 OP: Receiving data
09.05.19 09:28:49 OP: Receiving data sucessfull
09.05.19 09:28:49 Receiving code: 0x1
09.05.19 09:28:49 OP: Receiving data
09.05.19 09:28:49 OP: Receiving data sucessfull
09.05.19 09:28:49 Sending data: "C51,1,2048,2,32,0,0.000000,100.000001,0"
09.05.19 09:28:49 OP: Sending data
09.05.19 09:28:49 OP: Sending data sucessfull
09.05.19 09:28:49 OP: Receiving data
09.05.19 09:28:49 OP: Receiving data sucessfull
09.05.19 09:28:49 Receiving code: 0x1
09.05.19 09:28:49 OP: Receiving data
09.05.19 09:28:49 OP: Receiving data sucessfull
09.05.19 09:28:49 Sending data: "C51,1,2048,2,32,0,0.000000,100.000001,0"
09.05.19 09:28:49 OP: Sending data
09.05.19 09:28:49 OP: Sending data sucessfull
09.05.19 09:28:49 OP: Receiving data
09.05.19 09:28:49 OP: Receiving data sucessfull
09.05.19 09:28:49 Receiving code: 0x1
09.05.19 09:28:49 OP: Receiving data
09.05.19 09:28:50 OP: Receiving data sucessfull
09.05.19 09:28:50 Sending data: "C51,1,2048,2,32,0,0.000000,100.000001,0"
09.05.19 09:28:50 OP: Sending data
09.05.19 09:28:50 OP: Sending data sucessfull
09.05.19 09:28:50 OP: Receiving data
09.05.19 09:28:50 OP: Receiving data sucessfull
09.05.19 09:28:50 Receiving code: 0x1
09.05.19 09:28:50 OP: Receiving data
09.05.19 09:28:50 OP: Receiving data sucessfull
09.05.19 09:28:50 Sending data: "C51,1,2048,2,32,0,0.000000,100.000001,0"
09.05.19 09:28:50 OP: Sending data
09.05.19 09:28:50 OP: Sending data sucessfull
09.05.19 09:28:50 OP: Receiving data
09.05.19 09:28:50 OP: Receiving data sucessfull
09.05.19 09:28:50 Receiving code: 0x1
09.05.19 09:28:50 OP: Receiving data
09.05.19 09:28:50 OP: Receiving data sucessfull
09.05.19 09:28:50 Sending data: "C51,1,2048,2,32,0,0.000000,100.000001,0"
09.05.19 09:28:50 OP: Sending data
09.05.19 09:28:50 OP: Sending data sucessfull
09.05.19 09:28:50 OP: Receiving data
09.05.19 09:28:50 OP: Receiving data sucessfull
09.05.19 09:28:50 Receiving code: 0x1
09.05.19 09:28:50 OP: Receiving data
09.05.19 09:28:50 OP: Receiving data sucessfull
09.05.19 09:28:50 Sending data: "C51,1,2048,2,32,0,0.000000,100.000001,0"
09.05.19 09:28:50 OP: Sending data
09.05.19 09:28:50 OP: Sending data sucessfull
09.05.19 09:28:50 OP: Receiving data
09.05.19 09:28:50 OP: Receiving data sucessfull
09.05.19 09:28:50 Receiving code: 0x1
09.05.19 09:28:50 OP: Receiving data
09.05.19 09:28:51 OP: Receiving data sucessfull
09.05.19 09:28:51 Sending data: "C51,1,2048,2,32,0,0.000000,100.000001,0"
09.05.19 09:28:51 OP: Sending data
09.05.19 09:28:51 OP: Sending data sucessfull
09.05.19 09:28:51 OP: Receiving data
09.05.19 09:28:51 OP: Receiving data sucessfull
09.05.19 09:28:51 Receiving code: 0x1
09.05.19 09:28:51 OP: Receiving data
09.05.19 09:28:51 OP: Receiving data sucessfull
09.05.19 09:28:51 Sending data: "C51,1,2048,2,32,0,0.000000,100.000001,0"
09.05.19 09:28:51 OP: Sending data
09.05.19 09:28:51 OP: Sending data sucessfull
09.05.19 09:28:51 OP: Receiving data
09.05.19 09:28:51 OP: Receiving data sucessfull
09.05.19 09:28:51 Receiving code: 0x1
09.05.19 09:28:51 OP: Receiving data
09.05.19 09:28:51 OP: Receiving data sucessfull
09.05.19 09:28:51 Sending data: "C51,1,2048,2,32,0,0.000000,100.000001,0"
09.05.19 09:28:51 OP: Sending data
09.05.19 09:28:51 OP: Sending data sucessfull
09.05.19 09:28:51 OP: Receiving data
09.05.19 09:28:51 OP: Receiving data sucessfull
09.05.19 09:28:51 Receiving code: 0x1
09.05.19 09:28:51 OP: Receiving data
09.05.19 09:28:51 OP: Receiving data sucessfull
09.05.19 09:28:51 Sending data: "C51,1,2048,2,32,0,0.000000,100.000001,0"
09.05.19 09:28:51 OP: Sending data
09.05.19 09:28:51 OP: Sending data sucessfull
09.05.19 09:28:51 OP: Receiving data
09.05.19 09:28:51 OP: Receiving data sucessfull
09.05.19 09:28:51 Receiving code: 0x1
09.05.19 09:28:51 OP: Receiving data
09.05.19 09:28:51 OP: Receiving data sucessfull
09.05.19 09:28:51 Sending data: "C51,1,2048,2,32,0,0.000000,100.000001,0"
09.05.19 09:28:51 OP: Sending data
09.05.19 09:28:51 OP: Sending data sucessfull
09.05.19 09:28:51 OP: Receiving data
09.05.19 09:28:51 OP: Receiving data sucessfull
09.05.19 09:28:51 Receiving code: 0x1
09.05.19 09:28:51 OP: Receiving data
09.05.19 09:28:52 OP: Receiving data sucessfull
09.05.19 09:28:52 Sending data: "C51,1,2048,2,32,0,0.000000,100.000001,0"
09.05.19 09:28:52 OP: Sending data
09.05.19 09:28:52 OP: Sending data sucessfull
09.05.19 09:28:52 OP: Receiving data
09.05.19 09:28:52 OP: Receiving data sucessfull
09.05.19 09:28:52 Receiving code: 0x1
09.05.19 09:28:52 OP: Receiving data
09.05.19 09:28:52 OP: Receiving data sucessfull
09.05.19 09:28:52 Sending data: "C51,1,2048,2,32,0,0.000000,100.000001,0"
09.05.19 09:28:52 OP: Sending data
09.05.19 09:28:52 OP: Sending data sucessfull
09.05.19 09:28:52 OP: Receiving data
09.05.19 09:28:52 OP: Receiving data sucessfull
09.05.19 09:28:52 Receiving code: 0x1
09.05.19 09:28:52 OP: Receiving data
09.05.19 09:28:52 OP: Receiving data sucessfull
09.05.19 09:28:52 Sending data: "C51,1,2048,2,32,0,0.000000,100.000001,0"
09.05.19 09:28:52 OP: Sending data
09.05.19 09:28:52 OP: Sending data sucessfull
09.05.19 09:28:52 OP: Receiving data
09.05.19 09:28:52 OP: Receiving data sucessfull
09.05.19 09:28:52 Receiving code: 0x1
09.05.19 09:28:52 OP: Receiving data
09.05.19 09:28:52 OP: Receiving data sucessfull
09.05.19 09:28:52 Sending data: "C51,1,2048,2,32,0,0.000000,100.000001,0"
09.05.19 09:28:52 OP: Sending data
09.05.19 09:28:52 OP: Sending data sucessfull
09.05.19 09:28:52 OP: Receiving data
09.05.19 09:28:52 OP: Receiving data sucessfull
09.05.19 09:28:52 Receiving code: 0x1
09.05.19 09:28:52 OP: Receiving data
09.05.19 09:28:53 OP: Receiving data sucessfull
09.05.19 09:28:53 Sending data: "C51,1,2048,2,32,0,0.000000,100.000001,0"
09.05.19 09:28:53 OP: Sending data
09.05.19 09:28:53 OP: Sending data sucessfull
09.05.19 09:28:53 OP: Receiving data
09.05.19 09:28:53 OP: Receiving data sucessfull
09.05.19 09:28:53 Receiving code: 0x1
09.05.19 09:28:53 OP: Receiving data
09.05.19 09:28:53 OP: Receiving data sucessfull
09.05.19 09:28:53 Sending data: "C51,1,2048,2,32,0,0.000000,100.000001,0"
09.05.19 09:28:53 OP: Sending data
09.05.19 09:28:53 OP: Sending data sucessfull
09.05.19 09:28:53 OP: Receiving data
09.05.19 09:28:53 OP: Receiving data sucessfull
09.05.19 09:28:53 Receiving code: 0x1
09.05.19 09:28:53 OP: Receiving data
09.05.19 09:28:53 OP: Receiving data sucessfull
09.05.19 09:28:53 Sending data: "C51,1,2048,2,32,0,0.000000,100.000001,0"
09.05.19 09:28:53 OP: Sending data
09.05.19 09:28:53 OP: Sending data sucessfull
09.05.19 09:28:53 OP: Receiving data
09.05.19 09:28:53 OP: Receiving data sucessfull
09.05.19 09:28:53 Receiving code: 0x1
09.05.19 09:28:53 OP: Receiving data
09.05.19 09:28:53 OP: Receiving data sucessfull
09.05.19 09:28:53 Sending data: "C51,1,2048,2,32,0,0.000000,100.000001,0"
09.05.19 09:28:53 OP: Sending data
09.05.19 09:28:53 OP: Sending data sucessfull
09.05.19 09:28:53 OP: Receiving data
09.05.19 09:28:53 OP: Receiving data sucessfull
09.05.19 09:28:53 Receiving code: 0x1
09.05.19 09:28:53 OP: Receiving data
09.05.19 09:28:53 OP: Receiving data sucessfull
09.05.19 09:28:53 Sending data: "C51,1,2048,2,32,0,0.000000,100.000001,0"
09.05.19 09:28:53 OP: Sending data
09.05.19 09:28:53 OP: Sending data sucessfull
09.05.19 09:28:53 OP: Receiving data
09.05.19 09:28:53 OP: Receiving data sucessfull
09.05.19 09:28:53 Receiving code: 0x1
09.05.19 09:28:53 OP: Receiving data
09.05.19 09:28:54 OP: Receiving data sucessfull
09.05.19 09:28:54 Sending data: "C51,1,2048,2,32,0,0.000000,100.000001,0"
09.05.19 09:28:54 OP: Sending data
09.05.19 09:28:54 OP: Sending data sucessfull
09.05.19 09:28:54 OP: Receiving data
09.05.19 09:28:54 OP: Receiving data sucessfull
09.05.19 09:28:54 Receiving code: 0x1
09.05.19 09:28:54 OP: Receiving data
09.05.19 09:28:54 OP: Receiving data sucessfull
09.05.19 09:28:54 Sending data: "C51,1,2048,2,32,0,0.000000,100.000001,0"
09.05.19 09:28:54 OP: Sending data
09.05.19 09:28:54 OP: Sending data sucessfull
09.05.19 09:28:54 OP: Receiving data
09.05.19 09:28:54 OP: Receiving data sucessfull
09.05.19 09:28:54 Receiving code: 0x1
09.05.19 09:28:54 OP: Receiving data
09.05.19 09:28:54 OP: Receiving data sucessfull
09.05.19 09:28:54 Sending data: "C51,1,2048,2,32,0,0.000000,100.000001,0"
09.05.19 09:28:54 OP: Sending data
09.05.19 09:28:54 OP: Sending data sucessfull
09.05.19 09:28:54 OP: Receiving data
09.05.19 09:28:54 OP: Receiving data sucessfull
09.05.19 09:28:54 Receiving code: 0x1
09.05.19 09:28:54 OP: Receiving data
09.05.19 09:28:54 OP: Receiving data sucessfull
09.05.19 09:28:54 Sending data: "C51,1,2048,2,32,0,0.000000,100.000001,0"
09.05.19 09:28:54 OP: Sending data
09.05.19 09:28:54 OP: Sending data sucessfull
09.05.19 09:28:54 OP: Receiving data
09.05.19 09:28:54 OP: Receiving data sucessfull
09.05.19 09:28:54 Receiving code: 0x1
09.05.19 09:28:54 OP: Receiving data
09.05.19 09:28:55 OP: Receiving data sucessfull
09.05.19 09:28:55 Sending data: "C51,1,2048,2,32,0,0.000000,100.000001,0"
09.05.19 09:28:55 OP: Sending data
09.05.19 09:28:55 OP: Sending data sucessfull
09.05.19 09:28:55 OP: Receiving data
09.05.19 09:28:55 OP: Receiving data sucessfull
09.05.19 09:28:55 Receiving code: 0x1
09.05.19 09:28:55 OP: Receiving data
09.05.19 09:28:55 OP: Receiving data sucessfull
09.05.19 09:28:55 Sending data: "C51,1,2048,2,32,0,0.000000,100.000001,0"
09.05.19 09:28:55 OP: Sending data
09.05.19 09:28:55 OP: Sending data sucessfull
09.05.19 09:28:55 OP: Receiving data
09.05.19 09:28:55 OP: Receiving data sucessfull
09.05.19 09:28:55 Receiving code: 0x1
09.05.19 09:28:55 OP: Receiving data
09.05.19 09:28:55 OP: Receiving data sucessfull
09.05.19 09:28:55 Sending data: "C51,1,2048,2,32,0,0.000000,100.000001,0"
09.05.19 09:28:55 OP: Sending data
09.05.19 09:28:55 OP: Sending data sucessfull
09.05.19 09:28:55 OP: Receiving data
09.05.19 09:28:55 OP: Receiving data sucessfull
09.05.19 09:28:55 Receiving code: 0x1
09.05.19 09:28:55 OP: Receiving data
09.05.19 09:28:55 OP: Receiving data sucessfull
09.05.19 09:28:55 Sending data: "C51,1,2048,2,32,0,0.000000,100.000001,0"
09.05.19 09:28:55 OP: Sending data
09.05.19 09:28:55 OP: Sending data sucessfull
09.05.19 09:28:55 OP: Receiving data
09.05.19 09:28:55 OP: Receiving data sucessfull
09.05.19 09:28:55 Receiving code: 0x1
09.05.19 09:28:55 OP: Receiving data
09.05.19 09:28:55 OP: Receiving data sucessfull
09.05.19 09:28:55 Sending data: "C51,1,2048,2,32,0,0.000000,100.000001,0"
09.05.19 09:28:55 OP: Sending data
09.05.19 09:28:55 OP: Sending data sucessfull
09.05.19 09:28:55 OP: Receiving data
09.05.19 09:28:55 OP: Receiving data sucessfull
09.05.19 09:28:55 Receiving code: 0x1
09.05.19 09:28:55 OP: Receiving data
09.05.19 09:28:56 OP: Receiving data sucessfull
09.05.19 09:28:56 Sending data: "C51,1,2048,2,32,0,0.000000,100.000001,0"
09.05.19 09:28:56 OP: Sending data
09.05.19 09:28:56 OP: Sending data sucessfull
09.05.19 09:28:56 OP: Receiving data
09.05.19 09:28:56 OP: Receiving data sucessfull
09.05.19 09:28:56 Receiving code: 0x1
09.05.19 09:28:56 OP: Receiving data
09.05.19 09:28:56 OP: Receiving data sucessfull
09.05.19 09:28:56 Sending data: "C51,1,2048,2,32,0,0.000000,100.000001,0"
09.05.19 09:28:56 OP: Sending data
09.05.19 09:28:56 OP: Sending data sucessfull
09.05.19 09:28:56 OP: Receiving data
09.05.19 09:28:56 OP: Receiving data sucessfull
09.05.19 09:28:56 Receiving code: 0x1
09.05.19 09:28:56 OP: Receiving data
09.05.19 09:28:56 OP: Receiving data sucessfull
09.05.19 09:28:56 Sending data: "C51,1,2048,2,32,0,0.000000,100.000001,0"
09.05.19 09:28:56 OP: Sending data
09.05.19 09:28:56 OP: Sending data sucessfull
09.05.19 09:28:56 OP: Receiving data
09.05.19 09:28:56 OP: Receiving data sucessfull
09.05.19 09:28:56 Receiving code: 0x1
09.05.19 09:28:56 OP: Receiving data
09.05.19 09:28:56 OP: Receiving data sucessfull
09.05.19 09:28:56 Sending data: "C51,1,2048,2,32,0,0.000000,100.000001,0"
09.05.19 09:28:56 OP: Sending data
09.05.19 09:28:56 OP: Sending data sucessfull
09.05.19 09:28:56 OP: Receiving data
09.05.19 09:28:56 OP: Receiving data sucessfull
09.05.19 09:28:56 Receiving code: 0x1
09.05.19 09:28:56 OP: Receiving data
09.05.19 09:28:57 OP: Receiving data sucessfull
09.05.19 09:28:57 Sending data: "C51,1,2048,2,32,0,0.000000,100.000001,0"
09.05.19 09:28:57 OP: Sending data
09.05.19 09:28:57 OP: Sending data sucessfull
09.05.19 09:28:57 OP: Receiving data
09.05.19 09:28:57 OP: Receiving data sucessfull
09.05.19 09:28:57 Receiving code: 0x1
09.05.19 09:28:57 OP: Receiving data
09.05.19 09:28:57 OP: Receiving data sucessfull
09.05.19 09:28:57 Sending data: "C51,1,2048,2,32,0,0.000000,100.000001,0"
09.05.19 09:28:57 OP: Sending data
09.05.19 09:28:57 OP: Sending data sucessfull
09.05.19 09:28:57 OP: Receiving data
09.05.19 09:28:57 OP: Receiving data sucessfull
09.05.19 09:28:57 Receiving code: 0x1
09.05.19 09:28:57 OP: Receiving data
09.05.19 09:28:57 OP: Receiving data sucessfull
09.05.19 09:28:57 Sending data: "C51,1,2048,2,32,0,0.000000,100.000001,0"
09.05.19 09:28:57 OP: Sending data
09.05.19 09:28:57 OP: Sending data sucessfull
09.05.19 09:28:57 OP: Receiving data
09.05.19 09:28:57 OP: Receiving data sucessfull
09.05.19 09:28:57 Receiving code: 0x1
09.05.19 09:28:57 OP: Receiving data
09.05.19 09:28:57 OP: Receiving data sucessfull
09.05.19 09:28:57 Sending data: "C51,1,2048,2,32,0,0.000000,100.000001,0"
09.05.19 09:28:57 OP: Sending data
09.05.19 09:28:57 OP: Sending data sucessfull
09.05.19 09:28:57 OP: Receiving data
09.05.19 09:28:57 OP: Receiving data sucessfull
09.05.19 09:28:57 Receiving code: 0x1
09.05.19 09:28:57 OP: Receiving data
09.05.19 09:28:57 OP: Receiving data sucessfull
09.05.19 09:28:57 Sending data: "C51,1,2048,2,32,0,0.000000,100.000001,0"
09.05.19 09:28:57 OP: Sending data
09.05.19 09:28:57 OP: Sending data sucessfull
09.05.19 09:28:57 OP: Receiving data
09.05.19 09:28:57 OP: Receiving data sucessfull
09.05.19 09:28:57 Receiving code: 0x1
09.05.19 09:28:57 OP: Receiving data
09.05.19 09:28:58 OP: Receiving data sucessfull
09.05.19 09:28:58 Sending data: "C51,1,2048,2,32,0,0.000000,100.000001,0"
09.05.19 09:28:58 OP: Sending data
09.05.19 09:28:58 OP: Sending data sucessfull
09.05.19 09:28:58 OP: Receiving data
09.05.19 09:28:58 OP: Receiving data sucessfull
09.05.19 09:28:58 Receiving code: 0x1
09.05.19 09:28:58 OP: Receiving data
09.05.19 09:28:58 OP: Receiving data sucessfull
09.05.19 09:28:58 Sending data: "C51,1,2048,2,32,0,0.000000,100.000001,0"
09.05.19 09:28:58 OP: Sending data
09.05.19 09:28:58 OP: Sending data sucessfull
09.05.19 09:28:58 OP: Receiving data
09.05.19 09:28:58 OP: Receiving data sucessfull
09.05.19 09:28:58 Receiving code: 0x1
09.05.19 09:28:58 OP: Receiving data
09.05.19 09:28:58 OP: Receiving data sucessfull
09.05.19 09:28:58 Sending data: "C51,1,2048,2,32,0,0.000000,100.000001,0"
09.05.19 09:28:58 OP: Sending data
09.05.19 09:28:58 OP: Sending data sucessfull
09.05.19 09:28:58 OP: Receiving data
09.05.19 09:28:58 OP: Receiving data sucessfull
09.05.19 09:28:58 Receiving code: 0x1
09.05.19 09:28:58 OP: Receiving data
09.05.19 09:28:58 OP: Receiving data sucessfull
09.05.19 09:28:58 Sending data: "C51,1,2048,2,32,0,0.000000,100.000001,0"
09.05.19 09:28:58 OP: Sending data
09.05.19 09:28:58 OP: Sending data sucessfull
09.05.19 09:28:58 OP: Receiving data
09.05.19 09:28:58 OP: Receiving data sucessfull
09.05.19 09:28:58 Receiving code: 0x1
09.05.19 09:28:58 OP: Receiving data
09.05.19 09:28:58 OP: Receiving data sucessfull
09.05.19 09:28:59 Sending data: "C51,1,2048,2,32,0,0.000000,100.000001,0"
09.05.19 09:28:59 OP: Sending data
09.05.19 09:28:59 OP: Sending data sucessfull
09.05.19 09:28:59 OP: Receiving data
09.05.19 09:28:59 OP: Receiving data sucessfull
09.05.19 09:28:59 Receiving code: 0x1
09.05.19 09:28:59 OP: Receiving data
09.05.19 09:28:59 OP: Receiving data sucessfull
09.05.19 09:28:59 Sending data: "C51,1,2048,2,32,0,0.000000,100.000001,0"
09.05.19 09:28:59 OP: Sending data
09.05.19 09:28:59 OP: Sending data sucessfull
09.05.19 09:28:59 OP: Receiving data
09.05.19 09:28:59 OP: Receiving data sucessfull
09.05.19 09:28:59 Receiving code: 0x1
09.05.19 09:28:59 OP: Receiving data
09.05.19 09:28:59 OP: Receiving data sucessfull
09.05.19 09:28:59 Sending data: "C51,1,2048,2,32,0,0.000000,100.000001,0"
09.05.19 09:28:59 OP: Sending data
09.05.19 09:28:59 OP: Sending data sucessfull
09.05.19 09:28:59 OP: Receiving data
09.05.19 09:28:59 OP: Receiving data sucessfull
09.05.19 09:28:59 Receiving code: 0x1
09.05.19 09:28:59 OP: Receiving data
09.05.19 09:28:59 OP: Receiving data sucessfull
09.05.19 09:28:59 Sending data: "C51,1,2048,2,32,0,0.000000,100.000001,0"
09.05.19 09:28:59 OP: Sending data
09.05.19 09:28:59 OP: Sending data sucessfull
09.05.19 09:28:59 OP: Receiving data
09.05.19 09:28:59 OP: Receiving data sucessfull
09.05.19 09:28:59 Receiving code: 0x1
09.05.19 09:28:59 OP: Receiving data
09.05.19 09:28:59 OP: Receiving data sucessfull
09.05.19 09:28:59 Sending data: "C51,1,2048,2,32,0,0.000000,100.000001,0"
09.05.19 09:28:59 OP: Sending data
09.05.19 09:28:59 OP: Sending data sucessfull
09.05.19 09:28:59 OP: Receiving data
09.05.19 09:28:59 OP: Receiving data sucessfull
09.05.19 09:28:59 Receiving code: 0x1
09.05.19 09:28:59 OP: Receiving data
09.05.19 09:29:00 OP: Receiving data sucessfull
09.05.19 09:29:00 Sending data: "C51,1,2048,2,32,0,0.000000,100.000001,0"
09.05.19 09:29:00 OP: Sending data
09.05.19 09:29:00 OP: Sending data sucessfull
09.05.19 09:29:00 OP: Receiving data
09.05.19 09:29:00 OP: Receiving data sucessfull
09.05.19 09:29:00 Receiving code: 0x1
09.05.19 09:29:00 OP: Receiving data
09.05.19 09:29:00 OP: Receiving data sucessfull
09.05.19 09:29:00 Sending data: "C51,1,2048,2,32,0,0.000000,100.000001,0"
09.05.19 09:29:00 OP: Sending data
09.05.19 09:29:00 OP: Sending data sucessfull
09.05.19 09:29:00 OP: Receiving data
09.05.19 09:29:00 OP: Receiving data sucessfull
09.05.19 09:29:00 Receiving code: 0x1
09.05.19 09:29:00 OP: Receiving data
09.05.19 09:29:00 OP: Receiving data sucessfull
09.05.19 09:29:00 Sending data: "C51,1,2048,2,32,0,0.000000,100.000001,0"
09.05.19 09:29:00 OP: Sending data
09.05.19 09:29:00 OP: Sending data sucessfull
09.05.19 09:29:00 OP: Receiving data
09.05.19 09:29:00 OP: Receiving data sucessfull
09.05.19 09:29:00 Receiving code: 0x1
09.05.19 09:29:00 OP: Receiving data
09.05.19 09:29:00 OP: Receiving data sucessfull
09.05.19 09:29:00 Sending data: "C51,1,2048,2,32,0,0.000000,100.000001,0"
09.05.19 09:29:00 OP: Sending data
09.05.19 09:29:00 OP: Sending data sucessfull
09.05.19 09:29:00 OP: Receiving data
09.05.19 09:29:00 OP: Receiving data sucessfull
09.05.19 09:29:00 Receiving code: 0x1
09.05.19 09:29:00 OP: Receiving data
09.05.19 09:29:00 OP: Receiving data sucessfull
09.05.19 09:29:01 Sending data: "C51,1,2048,2,32,0,0.000000,100.000001,0"
09.05.19 09:29:01 OP: Sending data
09.05.19 09:29:01 OP: Sending data sucessfull
09.05.19 09:29:01 OP: Receiving data
09.05.19 09:29:01 OP: Receiving data sucessfull
09.05.19 09:29:01 Receiving code: 0x1
09.05.19 09:29:01 OP: Receiving data
09.05.19 09:29:01 OP: Receiving data sucessfull
09.05.19 09:29:01 Sending data: "C51,1,2048,2,32,0,0.000000,100.000001,0"
09.05.19 09:29:01 OP: Sending data
09.05.19 09:29:01 OP: Sending data sucessfull
09.05.19 09:29:01 OP: Receiving data
09.05.19 09:29:01 OP: Receiving data sucessfull
09.05.19 09:29:01 Receiving code: 0x1
09.05.19 09:29:01 OP: Receiving data
09.05.19 09:29:01 OP: Receiving data sucessfull
09.05.19 09:29:01 Sending data: "C51,1,2048,2,32,0,0.000000,100.000001,0"
09.05.19 09:29:01 OP: Sending data
09.05.19 09:29:01 OP: Sending data sucessfull
09.05.19 09:29:01 OP: Receiving data
09.05.19 09:29:01 OP: Receiving data sucessfull
09.05.19 09:29:01 Receiving code: 0x1
09.05.19 09:29:01 OP: Receiving data
09.05.19 09:29:01 OP: Receiving data sucessfull
09.05.19 09:29:01 Sending data: "C51,1,2048,2,32,0,0.000000,100.000001,0"
09.05.19 09:29:01 OP: Sending data
09.05.19 09:29:01 OP: Sending data sucessfull
09.05.19 09:29:01 OP: Receiving data
09.05.19 09:29:01 OP: Receiving data sucessfull
09.05.19 09:29:01 Receiving code: 0x1
09.05.19 09:29:01 OP: Receiving data
09.05.19 09:29:01 OP: Receiving data sucessfull
09.05.19 09:29:01 Sending data: "C51,1,2048,2,32,0,0.000000,100.000001,0"
09.05.19 09:29:01 OP: Sending data
09.05.19 09:29:01 OP: Sending data sucessfull
09.05.19 09:29:01 OP: Receiving data
09.05.19 09:29:01 OP: Receiving data sucessfull
09.05.19 09:29:01 Receiving code: 0x1
09.05.19 09:29:01 OP: Receiving data
09.05.19 09:29:02 OP: Receiving data sucessfull
09.05.19 09:29:02 Sending data: "C51,1,2048,2,32,0,0.000000,100.000001,0"
09.05.19 09:29:02 OP: Sending data
09.05.19 09:29:02 OP: Sending data sucessfull
09.05.19 09:29:02 OP: Receiving data
09.05.19 09:29:02 OP: Receiving data sucessfull
09.05.19 09:29:02 Receiving code: 0x1
09.05.19 09:29:02 OP: Receiving data
09.05.19 09:29:02 OP: Receiving data sucessfull
09.05.19 09:29:02 Sending data: "C51,1,2048,2,32,0,0.000000,100.000001,0"
09.05.19 09:29:02 OP: Sending data
09.05.19 09:29:02 OP: Sending data sucessfull
09.05.19 09:29:02 OP: Receiving data
09.05.19 09:29:02 OP: Receiving data sucessfull
09.05.19 09:29:02 Receiving code: 0x1
09.05.19 09:29:02 OP: Receiving data
09.05.19 09:29:02 OP: Receiving data sucessfull
09.05.19 09:29:02 Sending data: "C51,1,2048,2,32,0,0.000000,100.000001,0"
09.05.19 09:29:02 OP: Sending data
09.05.19 09:29:02 OP: Sending data sucessfull
09.05.19 09:29:02 OP: Receiving data
09.05.19 09:29:02 OP: Receiving data sucessfull
09.05.19 09:29:02 Receiving code: 0x1
09.05.19 09:29:02 OP: Receiving data
09.05.19 09:29:02 OP: Receiving data sucessfull
09.05.19 09:29:02 Sending data: "C51,1,2048,2,32,0,0.000000,100.000001,0"
09.05.19 09:29:02 OP: Sending data
09.05.19 09:29:02 OP: Sending data sucessfull
09.05.19 09:29:02 OP: Receiving data
09.05.19 09:29:02 OP: Receiving data sucessfull
09.05.19 09:29:02 Receiving code: 0x1
09.05.19 09:29:02 OP: Receiving data
09.05.19 09:29:02 OP: Receiving data sucessfull
09.05.19 09:29:02 Sending data: "C51,1,2048,2,32,0,0.000000,100.000001,0"
09.05.19 09:29:02 OP: Sending data
09.05.19 09:29:02 OP: Sending data sucessfull
09.05.19 09:29:03 OP: Receiving data
09.05.19 09:29:03 OP: Receiving data sucessfull
09.05.19 09:29:03 Receiving code: 0x1
09.05.19 09:29:03 OP: Receiving data
09.05.19 09:29:03 OP: Receiving data sucessfull
09.05.19 09:29:03 Sending data: "C51,1,2048,2,32,0,0.000000,100.000001,0"
09.05.19 09:29:03 OP: Sending data
09.05.19 09:29:03 OP: Sending data sucessfull
09.05.19 09:29:03 OP: Receiving data
09.05.19 09:29:03 OP: Receiving data sucessfull
09.05.19 09:29:03 Receiving code: 0x1
09.05.19 09:29:03 OP: Receiving data
09.05.19 09:29:03 OP: Receiving data sucessfull
09.05.19 09:29:03 Sending data: "C51,1,2048,2,32,0,0.000000,100.000001,0"
09.05.19 09:29:03 OP: Sending data
09.05.19 09:29:03 OP: Sending data sucessfull
09.05.19 09:29:03 OP: Receiving data
09.05.19 09:29:03 OP: Receiving data sucessfull
09.05.19 09:29:03 Receiving code: 0x1
09.05.19 09:29:03 OP: Receiving data
09.05.19 09:29:03 OP: Receiving data sucessfull
09.05.19 09:29:03 Sending data: "C51,1,2048,2,32,0,0.000000,100.000001,0"
09.05.19 09:29:03 OP: Sending data
09.05.19 09:29:03 OP: Sending data sucessfull
09.05.19 09:29:03 OP: Receiving data
09.05.19 09:29:03 OP: Receiving data sucessfull
09.05.19 09:29:03 Receiving code: 0x1
09.05.19 09:29:03 OP: Receiving data
09.05.19 09:29:03 OP: Receiving data sucessfull
09.05.19 09:29:03 Sending data: "C51,1,2048,2,32,0,0.000000,100.000001,0"
09.05.19 09:29:03 OP: Sending data
09.05.19 09:29:03 OP: Sending data sucessfull
09.05.19 09:29:03 OP: Receiving data
09.05.19 09:29:03 OP: Receiving data sucessfull
09.05.19 09:29:03 Receiving code: 0x1
09.05.19 09:29:03 OP: Receiving data
09.05.19 09:29:04 OP: Receiving data sucessfull
09.05.19 09:29:04 Sending data: "C51,1,2048,2,32,0,0.000000,100.000001,0"
09.05.19 09:29:04 OP: Sending data
09.05.19 09:29:04 OP: Sending data sucessfull
09.05.19 09:29:04 OP: Receiving data
09.05.19 09:29:04 OP: Receiving data sucessfull
09.05.19 09:29:04 Receiving code: 0x1
09.05.19 09:29:04 OP: Receiving data
09.05.19 09:29:04 OP: Receiving data sucessfull
09.05.19 09:29:04 Sending data: "C51,1,2048,2,32,0,0.000000,100.000001,0"
09.05.19 09:29:04 OP: Sending data
09.05.19 09:29:04 OP: Sending data sucessfull
09.05.19 09:29:04 OP: Receiving data
09.05.19 09:29:04 OP: Receiving data sucessfull
09.05.19 09:29:04 Receiving code: 0x1
09.05.19 09:29:04 OP: Receiving data
09.05.19 09:29:04 OP: Receiving data sucessfull
09.05.19 09:29:04 Sending data: "C51,1,2048,2,32,0,0.000000,100.000001,0"
09.05.19 09:29:04 OP: Sending data
09.05.19 09:29:04 OP: Sending data sucessfull
09.05.19 09:29:04 OP: Receiving data
09.05.19 09:29:04 OP: Receiving data sucessfull
09.05.19 09:29:04 Receiving code: 0x1
09.05.19 09:29:04 OP: Receiving data
09.05.19 09:29:04 OP: Receiving data sucessfull
09.05.19 09:29:04 Sending data: "C51,1,2048,2,32,0,0.000000,100.000001,0"
09.05.19 09:29:04 OP: Sending data
09.05.19 09:29:04 OP: Sending data sucessfull
09.05.19 09:29:04 OP: Receiving data
09.05.19 09:29:04 OP: Receiving data sucessfull
09.05.19 09:29:04 Receiving code: 0x1
09.05.19 09:29:04 OP: Receiving data
09.05.19 09:29:04 OP: Receiving data sucessfull
09.05.19 09:29:04 Sending data: "C51,1,2048,2,32,0,0.000000,100.000001,0"
09.05.19 09:29:04 OP: Sending data
09.05.19 09:29:04 OP: Sending data sucessfull
09.05.19 09:29:04 OP: Receiving data
09.05.19 09:29:04 OP: Receiving data sucessfull
09.05.19 09:29:04 Receiving code: 0x1
09.05.19 09:29:04 OP: Receiving data
09.05.19 09:29:05 OP: Receiving data sucessfull
09.05.19 09:29:05 Sending data: "C51,1,2048,2,32,0,0.000000,100.000001,0"
09.05.19 09:29:05 OP: Sending data
09.05.19 09:29:05 OP: Sending data sucessfull
09.05.19 09:29:05 OP: Receiving data
09.05.19 09:29:05 OP: Receiving data sucessfull
09.05.19 09:29:05 Receiving code: 0x1
09.05.19 09:29:05 OP: Receiving data
09.05.19 09:29:05 OP: Receiving data sucessfull
09.05.19 09:29:05 Sending data: "C51,1,2048,2,32,0,0.000000,100.000001,0"
09.05.19 09:29:05 OP: Sending data
09.05.19 09:29:05 OP: Sending data sucessfull
09.05.19 09:29:05 OP: Receiving data
09.05.19 09:29:05 OP: Receiving data sucessfull
09.05.19 09:29:05 Receiving code: 0x1
09.05.19 09:29:05 OP: Receiving data
09.05.19 09:29:05 OP: Receiving data sucessfull
09.05.19 09:29:05 Sending data: "C51,1,2048,2,32,0,0.000000,100.000001,0"
09.05.19 09:29:05 OP: Sending data
09.05.19 09:29:05 OP: Sending data sucessfull
09.05.19 09:29:05 OP: Receiving data
09.05.19 09:29:05 OP: Receiving data sucessfull
09.05.19 09:29:05 Receiving code: 0x1
09.05.19 09:29:05 OP: Receiving data
09.05.19 09:29:05 OP: Receiving data sucessfull
09.05.19 09:29:05 Sending data: "C51,1,2048,2,32,0,0.000000,100.000001,0"
09.05.19 09:29:05 OP: Sending data
09.05.19 09:29:05 OP: Sending data sucessfull
09.05.19 09:29:05 OP: Receiving data
09.05.19 09:29:05 OP: Receiving data sucessfull
09.05.19 09:29:05 Receiving code: 0x1
09.05.19 09:29:05 OP: Receiving data
09.05.19 09:29:06 OP: Receiving data sucessfull
09.05.19 09:29:06 Sending data: "C51,1,2048,2,32,0,0.000000,100.000001,0"
09.05.19 09:29:06 OP: Sending data
09.05.19 09:29:06 OP: Sending data sucessfull
09.05.19 09:29:06 OP: Receiving data
09.05.19 09:29:06 OP: Receiving data sucessfull
09.05.19 09:29:06 Receiving code: 0x1
09.05.19 09:29:06 OP: Receiving data
09.05.19 09:29:06 OP: Receiving data sucessfull
09.05.19 09:29:06 Sending data: "C51,1,2048,2,32,0,0.000000,100.000001,0"
09.05.19 09:29:06 OP: Sending data
09.05.19 09:29:06 OP: Sending data sucessfull
09.05.19 09:29:06 OP: Receiving data
09.05.19 09:29:06 OP: Receiving data sucessfull
09.05.19 09:29:06 Receiving code: 0x1
09.05.19 09:29:06 OP: Receiving data
09.05.19 09:29:06 OP: Receiving data sucessfull
09.05.19 09:29:06 Sending data: "C51,1,2048,2,32,0,0.000000,100.000001,0"
09.05.19 09:29:06 OP: Sending data
09.05.19 09:29:06 OP: Sending data sucessfull
09.05.19 09:29:06 OP: Receiving data
09.05.19 09:29:06 OP: Receiving data sucessfull
09.05.19 09:29:06 Receiving code: 0x1
09.05.19 09:29:06 OP: Receiving data
09.05.19 09:29:06 OP: Receiving data sucessfull
09.05.19 09:29:06 Sending data: "C51,1,2048,2,32,0,0.000000,100.000001,0"
09.05.19 09:29:06 OP: Sending data
09.05.19 09:29:06 OP: Sending data sucessfull
09.05.19 09:29:06 OP: Receiving data
09.05.19 09:29:06 OP: Receiving data sucessfull
09.05.19 09:29:06 Receiving code: 0x1
09.05.19 09:29:06 OP: Receiving data
09.05.19 09:29:06 OP: Receiving data sucessfull
09.05.19 09:29:06 Sending data: "C51,1,2048,2,32,0,0.000000,100.000001,0"
09.05.19 09:29:06 OP: Sending data
09.05.19 09:29:06 OP: Sending data sucessfull
09.05.19 09:29:06 OP: Receiving data
09.05.19 09:29:06 OP: Receiving data sucessfull
09.05.19 09:29:06 Receiving code: 0x1
09.05.19 09:29:06 OP: Receiving data
09.05.19 09:29:07 OP: Receiving data sucessfull
09.05.19 09:29:07 Sending data: "C51,1,2048,2,32,0,0.000000,100.000001,0"
09.05.19 09:29:07 OP: Sending data
09.05.19 09:29:07 OP: Sending data sucessfull
09.05.19 09:29:07 OP: Receiving data
09.05.19 09:29:07 OP: Receiving data sucessfull
09.05.19 09:29:07 Receiving code: 0x1
09.05.19 09:29:07 OP: Receiving data
09.05.19 09:29:07 OP: Receiving data sucessfull
09.05.19 09:29:07 Sending data: "C51,1,2048,2,32,0,0.000000,100.000001,0"
09.05.19 09:29:07 OP: Sending data
09.05.19 09:29:07 OP: Sending data sucessfull
09.05.19 09:29:07 OP: Receiving data
09.05.19 09:29:07 OP: Receiving data sucessfull
09.05.19 09:29:07 Receiving code: 0x1
09.05.19 09:29:07 OP: Receiving data
09.05.19 09:29:07 OP: Receiving data sucessfull
09.05.19 09:29:07 Sending data: "C51,1,2048,2,32,0,0.000000,100.000001,0"
09.05.19 09:29:07 OP: Sending data
09.05.19 09:29:07 OP: Sending data sucessfull
09.05.19 09:29:07 OP: Receiving data
09.05.19 09:29:07 OP: Receiving data sucessfull
09.05.19 09:29:07 Receiving code: 0x1
09.05.19 09:29:07 OP: Receiving data
09.05.19 09:29:07 OP: Receiving data sucessfull
09.05.19 09:29:07 Sending data: "C51,1,2048,2,32,0,0.000000,100.000001,0"
09.05.19 09:29:07 OP: Sending data
09.05.19 09:29:07 OP: Sending data sucessfull
09.05.19 09:29:07 OP: Receiving data
09.05.19 09:29:07 OP: Receiving data sucessfull
09.05.19 09:29:07 Receiving code: 0x1
09.05.19 09:29:07 OP: Receiving data
09.05.19 09:29:07 OP: Receiving data sucessfull
09.05.19 09:29:07 Sending data: "C51,1,2048,2,32,0,0.000000,100.000001,0"
09.05.19 09:29:07 OP: Sending data
09.05.19 09:29:08 OP: Sending data sucessfull
09.05.19 09:29:08 OP: Receiving data
09.05.19 09:29:08 OP: Receiving data sucessfull
09.05.19 09:29:08 Receiving code: 0x1
09.05.19 09:29:08 OP: Receiving data
09.05.19 09:29:08 OP: Receiving data sucessfull
09.05.19 09:29:08 Sending data: "C51,1,2048,2,32,0,0.000000,100.000001,0"
09.05.19 09:29:08 OP: Sending data
09.05.19 09:29:08 OP: Sending data sucessfull
09.05.19 09:29:08 OP: Receiving data
09.05.19 09:29:08 OP: Receiving data sucessfull
09.05.19 09:29:08 Receiving code: 0x1
09.05.19 09:29:08 OP: Receiving data
09.05.19 09:29:08 OP: Receiving data sucessfull
09.05.19 09:29:08 Sending data: "C51,1,2048,2,32,0,0.000000,100.000001,0"
09.05.19 09:29:08 OP: Sending data
09.05.19 09:29:08 OP: Sending data sucessfull
09.05.19 09:29:08 OP: Receiving data
09.05.19 09:29:08 OP: Receiving data sucessfull
09.05.19 09:29:08 Receiving code: 0x1
09.05.19 09:29:08 OP: Receiving data
09.05.19 09:29:08 OP: Receiving data sucessfull
09.05.19 09:29:08 Sending data: "C51,1,2048,2,32,0,0.000000,100.000001,0"
09.05.19 09:29:08 OP: Sending data
09.05.19 09:29:08 OP: Sending data sucessfull
09.05.19 09:29:08 OP: Receiving data
09.05.19 09:29:08 OP: Receiving data sucessfull
09.05.19 09:29:08 Receiving code: 0x1
09.05.19 09:29:08 OP: Receiving data
09.05.19 09:29:08 OP: Receiving data sucessfull
09.05.19 09:29:08 Sending data: "C51,1,2048,2,32,0,0.000000,100.000001,0"
09.05.19 09:29:08 OP: Sending data
09.05.19 09:29:08 OP: Sending data sucessfull
09.05.19 09:29:08 OP: Receiving data
09.05.19 09:29:08 OP: Receiving data sucessfull
09.05.19 09:29:08 Receiving code: 0x1
09.05.19 09:29:08 OP: Receiving data
09.05.19 09:29:09 OP: Receiving data sucessfull
09.05.19 09:29:09 Sending data: "C51,1,2048,2,32,0,0.000000,100.000001,0"
09.05.19 09:29:09 OP: Sending data
09.05.19 09:29:09 OP: Sending data sucessfull
09.05.19 09:29:09 OP: Receiving data
09.05.19 09:29:09 OP: Receiving data sucessfull
09.05.19 09:29:09 Receiving code: 0x1
09.05.19 09:29:09 OP: Receiving data
09.05.19 09:29:09 OP: Receiving data sucessfull
09.05.19 09:29:09 Sending data: "C51,1,2048,2,32,0,0.000000,100.000001,0"
09.05.19 09:29:09 OP: Sending data
09.05.19 09:29:09 OP: Sending data sucessfull
09.05.19 09:29:09 OP: Receiving data
09.05.19 09:29:09 OP: Receiving data sucessfull
09.05.19 09:29:09 Receiving code: 0x1
09.05.19 09:29:09 OP: Receiving data
09.05.19 09:29:09 OP: Receiving data sucessfull
09.05.19 09:29:09 Sending data: "C51,1,2048,2,32,0,0.000000,100.000001,0"
09.05.19 09:29:09 OP: Sending data
09.05.19 09:29:09 OP: Sending data sucessfull
09.05.19 09:29:09 OP: Receiving data
09.05.19 09:29:09 OP: Receiving data sucessfull
09.05.19 09:29:09 Receiving code: 0x1
09.05.19 09:29:09 OP: Receiving data
09.05.19 09:29:09 OP: Receiving data sucessfull
09.05.19 09:29:09 Sending data: "C51,1,2048,2,32,0,0.000000,100.000001,0"
09.05.19 09:29:09 OP: Sending data
09.05.19 09:29:09 OP: Sending data sucessfull
09.05.19 09:29:09 OP: Receiving data
09.05.19 09:29:09 OP: Receiving data sucessfull
09.05.19 09:29:09 Receiving code: 0x1
09.05.19 09:29:09 OP: Receiving data
09.05.19 09:29:09 OP: Receiving data sucessfull
09.05.19 09:29:09 Sending data: "C51,1,2048,2,32,0,0.000000,100.000001,0"
09.05.19 09:29:09 OP: Sending data
09.05.19 09:29:09 OP: Sending data sucessfull
09.05.19 09:29:09 OP: Receiving data
09.05.19 09:29:09 OP: Receiving data sucessfull
09.05.19 09:29:09 Receiving code: 0x1
09.05.19 09:29:09 OP: Receiving data
09.05.19 09:29:10 OP: Receiving data sucessfull
09.05.19 09:29:10 Sending data: "C51,1,2048,2,32,0,0.000000,100.000001,0"
09.05.19 09:29:10 OP: Sending data
09.05.19 09:29:10 OP: Sending data sucessfull
09.05.19 09:29:10 OP: Receiving data
09.05.19 09:29:10 OP: Receiving data sucessfull
09.05.19 09:29:10 Receiving code: 0x1
09.05.19 09:29:10 OP: Receiving data
09.05.19 09:29:10 OP: Receiving data sucessfull
09.05.19 09:29:10 Sending data: "C51,1,2048,2,32,0,0.000000,100.000001,0"
09.05.19 09:29:10 OP: Sending data
09.05.19 09:29:10 OP: Sending data sucessfull
09.05.19 09:29:10 OP: Receiving data
09.05.19 09:29:10 OP: Receiving data sucessfull
09.05.19 09:29:10 Receiving code: 0x1
09.05.19 09:29:10 OP: Receiving data
09.05.19 09:29:10 OP: Receiving data sucessfull
09.05.19 09:29:10 Sending data: "C51,1,2048,2,32,0,0.000000,100.000001,0"
09.05.19 09:29:10 OP: Sending data
09.05.19 09:29:10 OP: Sending data sucessfull
09.05.19 09:29:10 OP: Receiving data
09.05.19 09:29:10 OP: Receiving data sucessfull
09.05.19 09:29:10 Receiving code: 0x1
09.05.19 09:29:10 OP: Receiving data
09.05.19 09:29:10 OP: Receiving data sucessfull
09.05.19 09:29:10 Sending data: "C51,1,2048,2,32,0,0.000000,100.000001,0"
09.05.19 09:29:10 OP: Sending data
09.05.19 09:29:10 OP: Sending data sucessfull
09.05.19 09:29:10 OP: Receiving data
09.05.19 09:29:10 OP: Receiving data sucessfull
09.05.19 09:29:10 Receiving code: 0x1
09.05.19 09:29:10 OP: Receiving data
09.05.19 09:29:11 OP: Receiving data sucessfull
09.05.19 09:29:11 Sending data: "C51,1,2048,2,32,0,0.000000,100.000001,0"
09.05.19 09:29:11 OP: Sending data
09.05.19 09:29:11 OP: Sending data sucessfull
09.05.19 09:29:11 OP: Receiving data
09.05.19 09:29:11 OP: Receiving data sucessfull
09.05.19 09:29:11 Receiving code: 0x1
09.05.19 09:29:11 OP: Receiving data
09.05.19 09:29:11 OP: Receiving data sucessfull
09.05.19 09:29:11 Sending data: "C51,1,2048,2,32,0,0.000000,100.000001,0"
09.05.19 09:29:11 OP: Sending data
09.05.19 09:29:11 OP: Sending data sucessfull
09.05.19 09:29:11 OP: Receiving data
09.05.19 09:29:11 OP: Receiving data sucessfull
09.05.19 09:29:11 Receiving code: 0x1
09.05.19 09:29:11 OP: Receiving data
09.05.19 09:29:11 OP: Receiving data sucessfull
09.05.19 09:29:11 Sending data: "C51,1,2048,2,32,0,0.000000,100.000001,0"
09.05.19 09:29:11 OP: Sending data
09.05.19 09:29:11 OP: Sending data sucessfull
09.05.19 09:29:11 OP: Receiving data
09.05.19 09:29:11 OP: Receiving data sucessfull
09.05.19 09:29:11 Receiving code: 0x1
09.05.19 09:29:11 OP: Receiving data
09.05.19 09:29:11 OP: Receiving data sucessfull
09.05.19 09:29:11 Sending data: "C51,1,2048,2,32,0,0.000000,100.000001,0"
09.05.19 09:29:11 OP: Sending data
09.05.19 09:29:11 OP: Sending data sucessfull
09.05.19 09:29:11 OP: Receiving data
09.05.19 09:29:11 OP: Receiving data sucessfull
09.05.19 09:29:11 Receiving code: 0x1
09.05.19 09:29:11 OP: Receiving data
09.05.19 09:29:11 OP: Receiving data sucessfull
09.05.19 09:29:11 Sending data: "C51,1,2048,2,32,0,0.000000,100.000001,0"
09.05.19 09:29:11 OP: Sending data
09.05.19 09:29:11 OP: Sending data sucessfull
09.05.19 09:29:11 OP: Receiving data
09.05.19 09:29:11 OP: Receiving data sucessfull
09.05.19 09:29:11 Receiving code: 0x1
09.05.19 09:29:11 OP: Receiving data
09.05.19 09:29:12 OP: Receiving data sucessfull
09.05.19 09:29:12 Sending data: "C51,1,2048,2,32,0,0.000000,100.000001,0"
09.05.19 09:29:12 OP: Sending data
09.05.19 09:29:12 OP: Sending data sucessfull
09.05.19 09:29:12 OP: Receiving data
09.05.19 09:29:12 OP: Receiving data sucessfull
09.05.19 09:29:12 Receiving code: 0x1
09.05.19 09:29:12 OP: Receiving data
09.05.19 09:29:12 OP: Receiving data sucessfull
09.05.19 09:29:12 Sending data: "C51,1,2048,2,32,0,0.000000,100.000001,0"
09.05.19 09:29:12 OP: Sending data
09.05.19 09:29:12 OP: Sending data sucessfull
09.05.19 09:29:12 OP: Receiving data
09.05.19 09:29:12 OP: Receiving data sucessfull
09.05.19 09:29:12 Receiving code: 0x1
09.05.19 09:29:12 OP: Receiving data
09.05.19 09:29:12 OP: Receiving data sucessfull
09.05.19 09:29:12 Sending data: "C51,1,2048,2,32,0,0.000000,100.000001,0"
09.05.19 09:29:12 OP: Sending data
09.05.19 09:29:12 OP: Sending data sucessfull
09.05.19 09:29:12 OP: Receiving data
09.05.19 09:29:12 OP: Receiving data sucessfull
09.05.19 09:29:12 Receiving code: 0x1
09.05.19 09:29:12 OP: Receiving data
09.05.19 09:29:12 OP: Receiving data sucessfull
09.05.19 09:29:12 Sending data: "C51,1,2048,2,32,0,0.000000,100.000001,0"
09.05.19 09:29:12 OP: Sending data
09.05.19 09:29:12 OP: Sending data sucessfull
09.05.19 09:29:12 OP: Receiving data
09.05.19 09:29:12 OP: Receiving data sucessfull
09.05.19 09:29:12 Receiving code: 0x1
09.05.19 09:29:12 OP: Receiving data
09.05.19 09:29:12 OP: Receiving data sucessfull
09.05.19 09:29:12 Sending data: "C51,1,2048,2,32,0,0.000000,100.000001,0"
09.05.19 09:29:13 OP: Sending data
09.05.19 09:29:13 OP: Sending data sucessfull
09.05.19 09:29:13 OP: Receiving data
09.05.19 09:29:13 OP: Receiving data sucessfull
09.05.19 09:29:13 Receiving code: 0x1
09.05.19 09:29:13 OP: Receiving data
09.05.19 09:29:13 OP: Receiving data sucessfull
09.05.19 09:29:13 Sending data: "C51,1,2048,2,32,0,0.000000,100.000001,0"
09.05.19 09:29:13 OP: Sending data
09.05.19 09:29:13 OP: Sending data sucessfull
09.05.19 09:29:13 OP: Receiving data
09.05.19 09:29:13 OP: Receiving data sucessfull
09.05.19 09:29:13 Receiving code: 0x1
09.05.19 09:29:13 OP: Receiving data
09.05.19 09:29:13 OP: Receiving data sucessfull
09.05.19 09:29:13 Sending data: "C51,1,2048,2,32,0,0.000000,100.000001,0"
09.05.19 09:29:13 OP: Sending data
09.05.19 09:29:13 OP: Sending data sucessfull
09.05.19 09:29:13 OP: Receiving data
09.05.19 09:29:13 OP: Receiving data sucessfull
09.05.19 09:29:13 Receiving code: 0x1
09.05.19 09:29:13 OP: Receiving data
09.05.19 09:29:13 OP: Receiving data sucessfull
09.05.19 09:29:13 Sending data: "C51,1,2048,2,32,0,0.000000,100.000001,0"
09.05.19 09:29:13 OP: Sending data
09.05.19 09:29:13 OP: Sending data sucessfull
09.05.19 09:29:13 OP: Receiving data
09.05.19 09:29:13 OP: Receiving data sucessfull
09.05.19 09:29:13 Receiving code: 0x1
09.05.19 09:29:13 OP: Receiving data
09.05.19 09:29:13 OP: Receiving data sucessfull
09.05.19 09:29:13 Sending data: "C51,1,2048,2,32,0,0.000000,100.000001,0"
09.05.19 09:29:13 OP: Sending data
09.05.19 09:29:13 OP: Sending data sucessfull
09.05.19 09:29:13 OP: Receiving data
09.05.19 09:29:13 OP: Receiving data sucessfull
09.05.19 09:29:13 Receiving code: 0x1
09.05.19 09:29:13 OP: Receiving data
09.05.19 09:29:14 OP: Receiving data sucessfull
09.05.19 09:29:14 Sending data: "C51,1,2048,2,32,0,0.000000,100.000001,0"
09.05.19 09:29:14 OP: Sending data
09.05.19 09:29:14 OP: Sending data sucessfull
09.05.19 09:29:14 OP: Receiving data
09.05.19 09:29:14 OP: Receiving data sucessfull
09.05.19 09:29:14 Receiving code: 0x1
09.05.19 09:29:14 OP: Receiving data
09.05.19 09:29:14 OP: Receiving data sucessfull
09.05.19 09:29:14 Sending data: "C51,1,2048,2,32,0,0.000000,100.000001,0"
09.05.19 09:29:14 OP: Sending data
09.05.19 09:29:14 OP: Sending data sucessfull
09.05.19 09:29:14 OP: Receiving data
09.05.19 09:29:14 OP: Receiving data sucessfull
09.05.19 09:29:14 Receiving code: 0x1
09.05.19 09:29:14 OP: Receiving data
09.05.19 09:29:14 OP: Receiving data sucessfull
09.05.19 09:29:14 Sending data: "C51,1,2048,2,32,0,0.000000,100.000001,0"
09.05.19 09:29:14 OP: Sending data
09.05.19 09:29:14 OP: Sending data sucessfull
09.05.19 09:29:14 OP: Receiving data
09.05.19 09:29:14 OP: Receiving data sucessfull
09.05.19 09:29:14 Receiving code: 0x1
09.05.19 09:29:14 OP: Receiving data
09.05.19 09:29:14 OP: Receiving data sucessfull
09.05.19 09:29:14 Sending data: "C51,1,2048,2,32,0,0.000000,100.000001,0"
09.05.19 09:29:14 OP: Sending data
09.05.19 09:29:14 OP: Sending data sucessfull
09.05.19 09:29:14 OP: Receiving data
09.05.19 09:29:14 OP: Receiving data sucessfull
09.05.19 09:29:14 Receiving code: 0x1
09.05.19 09:29:14 OP: Receiving data
09.05.19 09:29:14 OP: Receiving data sucessfull
09.05.19 09:29:14 Sending data: "C51,1,2048,2,32,0,0.000000,100.000001,0"
09.05.19 09:29:14 OP: Sending data
09.05.19 09:29:14 OP: Sending data sucessfull
09.05.19 09:29:14 OP: Receiving data
09.05.19 09:29:14 OP: Receiving data sucessfull
09.05.19 09:29:14 Receiving code: 0x1
09.05.19 09:29:15 OP: Receiving data
09.05.19 09:29:15 OP: Receiving data sucessfull
09.05.19 09:29:15 Sending data: "C51,1,2048,2,32,0,0.000000,100.000001,0"
09.05.19 09:29:15 OP: Sending data
09.05.19 09:29:15 OP: Sending data sucessfull
09.05.19 09:29:15 OP: Receiving data
09.05.19 09:29:15 OP: Receiving data sucessfull
09.05.19 09:29:15 Receiving code: 0x1
09.05.19 09:29:15 OP: Receiving data
09.05.19 09:29:15 OP: Receiving data sucessfull
09.05.19 09:29:15 Sending data: "C51,1,2048,2,32,0,0.000000,100.000001,0"
09.05.19 09:29:15 OP: Sending data
09.05.19 09:29:15 OP: Sending data sucessfull
09.05.19 09:29:15 OP: Receiving data
09.05.19 09:29:15 OP: Receiving data sucessfull
09.05.19 09:29:15 Receiving code: 0x1
09.05.19 09:29:15 OP: Receiving data
09.05.19 09:29:15 OP: Receiving data sucessfull
09.05.19 09:29:15 Sending data: "C51,1,2048,2,32,0,0.000000,100.000001,0"
09.05.19 09:29:15 OP: Sending data
09.05.19 09:29:15 OP: Sending data sucessfull
09.05.19 09:29:15 OP: Receiving data
09.05.19 09:29:15 OP: Receiving data sucessfull
09.05.19 09:29:15 Receiving code: 0x1
09.05.19 09:29:15 OP: Receiving data
09.05.19 09:29:15 OP: Receiving data sucessfull
09.05.19 09:29:15 Sending data: "C51,1,2048,2,32,0,0.000000,100.000001,0"
09.05.19 09:29:15 OP: Sending data
09.05.19 09:29:15 OP: Sending data sucessfull
09.05.19 09:29:15 OP: Receiving data
09.05.19 09:29:15 OP: Receiving data sucessfull
09.05.19 09:29:15 Receiving code: 0x1
09.05.19 09:29:15 OP: Receiving data
09.05.19 09:29:16 OP: Receiving data sucessfull
09.05.19 09:29:16 Sending data: "C51,1,2048,2,32,0,0.000000,100.000001,0"
09.05.19 09:29:16 OP: Sending data
09.05.19 09:29:16 OP: Sending data sucessfull
09.05.19 09:29:16 OP: Receiving data
09.05.19 09:29:16 OP: Receiving data sucessfull
09.05.19 09:29:16 Receiving code: 0x1
09.05.19 09:29:16 OP: Receiving data
09.05.19 09:29:16 OP: Receiving data sucessfull
09.05.19 09:29:16 Sending data: "C51,1,2048,2,32,0,0.000000,100.000001,0"
09.05.19 09:29:16 OP: Sending data
09.05.19 09:29:16 OP: Sending data sucessfull
09.05.19 09:29:16 OP: Receiving data
09.05.19 09:29:16 OP: Receiving data sucessfull
09.05.19 09:29:16 Receiving code: 0x1
09.05.19 09:29:16 OP: Receiving data
09.05.19 09:29:16 OP: Receiving data sucessfull
09.05.19 09:29:16 Sending data: "C51,1,2048,2,32,0,0.000000,100.000001,0"
09.05.19 09:29:16 OP: Sending data
09.05.19 09:29:16 OP: Sending data sucessfull
09.05.19 09:29:16 OP: Receiving data
09.05.19 09:29:16 OP: Receiving data sucessfull
09.05.19 09:29:16 Receiving code: 0x1
09.05.19 09:29:16 OP: Receiving data
09.05.19 09:29:16 OP: Receiving data sucessfull
09.05.19 09:29:16 Sending data: "C51,1,2048,2,32,0,0.000000,100.000001,0"
09.05.19 09:29:16 OP: Sending data
09.05.19 09:29:16 OP: Sending data sucessfull
09.05.19 09:29:16 OP: Receiving data
09.05.19 09:29:16 OP: Receiving data sucessfull
09.05.19 09:29:16 Receiving code: 0x1
09.05.19 09:29:16 OP: Receiving data
09.05.19 09:29:16 OP: Receiving data sucessfull
09.05.19 09:29:16 Sending data: "C51,1,2048,2,32,0,0.000000,100.000001,0"
09.05.19 09:29:16 OP: Sending data
09.05.19 09:29:16 OP: Sending data sucessfull
09.05.19 09:29:16 OP: Receiving data
09.05.19 09:29:17 OP: Receiving data sucessfull
09.05.19 09:29:17 Receiving code: 0x1
09.05.19 09:29:17 OP: Receiving data
09.05.19 09:29:17 OP: Receiving data sucessfull
09.05.19 09:29:17 Sending data: "C51,1,2048,2,32,0,0.000000,100.000001,0"
09.05.19 09:29:17 OP: Sending data
09.05.19 09:29:17 OP: Sending data sucessfull
09.05.19 09:29:17 OP: Receiving data
09.05.19 09:29:17 OP: Receiving data sucessfull
09.05.19 09:29:17 Receiving code: 0x1
09.05.19 09:29:17 OP: Receiving data
09.05.19 09:29:17 OP: Receiving data sucessfull
09.05.19 09:29:17 Sending data: "C51,1,2048,2,32,0,0.000000,100.000001,0"
09.05.19 09:29:17 OP: Sending data
09.05.19 09:29:17 OP: Sending data sucessfull
09.05.19 09:29:17 OP: Receiving data
09.05.19 09:29:17 OP: Receiving data sucessfull
09.05.19 09:29:17 Receiving code: 0x1
09.05.19 09:29:17 OP: Receiving data
09.05.19 09:29:17 OP: Receiving data sucessfull
09.05.19 09:29:17 Sending data: "C51,1,2048,2,32,0,0.000000,100.000001,0"
09.05.19 09:29:17 OP: Sending data
09.05.19 09:29:17 OP: Sending data sucessfull
09.05.19 09:29:17 OP: Receiving data
09.05.19 09:29:17 OP: Receiving data sucessfull
09.05.19 09:29:17 Receiving code: 0x1
09.05.19 09:29:17 OP: Receiving data
09.05.19 09:29:17 OP: Receiving data sucessfull
09.05.19 09:29:17 Sending data: "C51,1,2048,2,32,0,0.000000,100.000001,0"
09.05.19 09:29:17 OP: Sending data
09.05.19 09:29:17 OP: Sending data sucessfull
09.05.19 09:29:17 OP: Receiving data
09.05.19 09:29:17 OP: Receiving data sucessfull
09.05.19 09:29:17 Receiving code: 0x1
09.05.19 09:29:17 OP: Receiving data
09.05.19 09:29:18 OP: Receiving data sucessfull
09.05.19 09:29:18 Sending data: "C51,1,2048,2,32,0,0.000000,100.000001,0"
09.05.19 09:29:18 OP: Sending data
09.05.19 09:29:18 OP: Sending data sucessfull
09.05.19 09:29:18 OP: Receiving data
09.05.19 09:29:18 OP: Receiving data sucessfull
09.05.19 09:29:18 Receiving code: 0x1
09.05.19 09:29:18 OP: Receiving data
09.05.19 09:29:18 OP: Receiving data sucessfull
09.05.19 09:29:18 Sending data: "C51,1,2048,2,32,0,0.000000,100.000001,0"
09.05.19 09:29:18 OP: Sending data
09.05.19 09:29:18 OP: Sending data sucessfull
09.05.19 09:29:18 OP: Receiving data
09.05.19 09:29:18 OP: Receiving data sucessfull
09.05.19 09:29:18 Receiving code: 0x1
09.05.19 09:29:18 OP: Receiving data
09.05.19 09:29:18 OP: Receiving data sucessfull
09.05.19 09:29:18 Sending data: "C51,1,2048,2,32,0,0.000000,100.000001,0"
09.05.19 09:29:18 OP: Sending data
09.05.19 09:29:18 OP: Sending data sucessfull
09.05.19 09:29:18 OP: Receiving data
09.05.19 09:29:18 OP: Receiving data sucessfull
09.05.19 09:29:18 Receiving code: 0x1
09.05.19 09:29:18 OP: Receiving data
09.05.19 09:29:18 OP: Receiving data sucessfull
09.05.19 09:29:18 Sending data: "C51,1,2048,2,32,0,0.000000,100.000001,0"
09.05.19 09:29:18 OP: Sending data
09.05.19 09:29:18 OP: Sending data sucessfull
09.05.19 09:29:18 OP: Receiving data
09.05.19 09:29:18 OP: Receiving data sucessfull
09.05.19 09:29:18 Receiving code: 0x1
09.05.19 09:29:18 OP: Receiving data
09.05.19 09:29:18 OP: Receiving data sucessfull
09.05.19 09:29:18 Sending data: "C51,1,2048,2,32,0,0.000000,100.000001,0"
09.05.19 09:29:18 OP: Sending data
09.05.19 09:29:18 OP: Sending data sucessfull
09.05.19 09:29:18 OP: Receiving data
09.05.19 09:29:18 OP: Receiving data sucessfull
09.05.19 09:29:18 Receiving code: 0x1
09.05.19 09:29:18 OP: Receiving data
09.05.19 09:29:19 OP: Receiving data sucessfull
09.05.19 09:29:19 Sending data: "C51,1,2048,2,32,0,0.000000,100.000001,0"
09.05.19 09:29:19 OP: Sending data
09.05.19 09:29:19 OP: Sending data sucessfull
09.05.19 09:29:19 OP: Receiving data
09.05.19 09:29:19 OP: Receiving data sucessfull
09.05.19 09:29:19 Receiving code: 0x1
09.05.19 09:29:19 OP: Receiving data
09.05.19 09:29:19 OP: Receiving data sucessfull
09.05.19 09:29:19 Sending data: "C51,1,2048,2,32,0,0.000000,100.000001,0"
09.05.19 09:29:19 OP: Sending data
09.05.19 09:29:19 OP: Sending data sucessfull
09.05.19 09:29:19 OP: Receiving data
09.05.19 09:29:19 OP: Receiving data sucessfull
09.05.19 09:29:19 Receiving code: 0x1
09.05.19 09:29:19 OP: Receiving data
09.05.19 09:29:19 OP: Receiving data sucessfull
09.05.19 09:29:19 Sending data: "C51,1,2048,2,32,0,0.000000,100.000001,0"
09.05.19 09:29:19 OP: Sending data
09.05.19 09:29:19 OP: Sending data sucessfull
09.05.19 09:29:19 OP: Receiving data
09.05.19 09:29:19 OP: Receiving data sucessfull
09.05.19 09:29:19 Receiving code: 0x1
09.05.19 09:29:19 OP: Receiving data
09.05.19 09:29:19 OP: Receiving data sucessfull
09.05.19 09:29:19 Sending data: "C51,1,2048,2,32,0,0.000000,100.000001,0"
09.05.19 09:29:19 OP: Sending data
09.05.19 09:29:19 OP: Sending data sucessfull
09.05.19 09:29:19 OP: Receiving data
09.05.19 09:29:19 OP: Receiving data sucessfull
09.05.19 09:29:19 Receiving code: 0x1
09.05.19 09:29:19 OP: Receiving data
09.05.19 09:29:20 OP: Receiving data sucessfull
09.05.19 09:29:20 Sending data: "C51,1,2048,2,32,0,0.000000,100.000001,0"
09.05.19 09:29:20 OP: Sending data
09.05.19 09:29:20 OP: Sending data sucessfull
09.05.19 09:29:20 OP: Receiving data
09.05.19 09:29:20 OP: Receiving data sucessfull
09.05.19 09:29:20 Receiving code: 0x1
09.05.19 09:29:20 OP: Receiving data
09.05.19 09:29:20 OP: Receiving data sucessfull
09.05.19 09:29:20 Sending data: "C51,1,2048,2,32,0,0.000000,100.000001,0"
09.05.19 09:29:20 OP: Sending data
09.05.19 09:29:20 OP: Sending data sucessfull
09.05.19 09:29:20 OP: Receiving data
09.05.19 09:29:20 OP: Receiving data sucessfull
09.05.19 09:29:20 Receiving code: 0x1
09.05.19 09:29:20 OP: Receiving data
09.05.19 09:29:20 OP: Receiving data sucessfull
09.05.19 09:29:20 Sending data: "C51,1,2048,2,32,0,0.000000,100.000001,0"
09.05.19 09:29:20 OP: Sending data
09.05.19 09:29:20 OP: Sending data sucessfull
09.05.19 09:29:20 OP: Receiving data
09.05.19 09:29:20 OP: Receiving data sucessfull
09.05.19 09:29:20 Receiving code: 0x1
09.05.19 09:29:20 OP: Receiving data
09.05.19 09:29:20 OP: Receiving data sucessfull
09.05.19 09:29:20 Sending data: "C51,1,2048,2,32,0,0.000000,100.000001,0"
09.05.19 09:29:20 OP: Sending data
09.05.19 09:29:20 OP: Sending data sucessfull
09.05.19 09:29:20 OP: Receiving data
09.05.19 09:29:20 OP: Receiving data sucessfull
09.05.19 09:29:20 Receiving code: 0x1
09.05.19 09:29:20 OP: Receiving data
09.05.19 09:29:20 OP: Receiving data sucessfull
09.05.19 09:29:20 Sending data: "C51,1,2048,2,32,0,0.000000,100.000001,0"
09.05.19 09:29:20 OP: Sending data
09.05.19 09:29:20 OP: Sending data sucessfull
09.05.19 09:29:20 OP: Receiving data
09.05.19 09:29:20 OP: Receiving data sucessfull
09.05.19 09:29:20 Receiving code: 0x1
09.05.19 09:29:20 OP: Receiving data
09.05.19 09:29:21 OP: Receiving data sucessfull
09.05.19 09:29:21 Sending data: "C51,1,2048,2,32,0,0.000000,100.000001,0"
09.05.19 09:29:21 OP: Sending data
09.05.19 09:29:21 OP: Sending data sucessfull
09.05.19 09:29:21 OP: Receiving data
09.05.19 09:29:21 OP: Receiving data sucessfull
09.05.19 09:29:21 Receiving code: 0x1
09.05.19 09:29:21 OP: Receiving data
09.05.19 09:29:21 OP: Receiving data sucessfull
09.05.19 09:29:21 Sending data: "C51,1,2048,2,32,0,0.000000,100.000001,0"
09.05.19 09:29:21 OP: Sending data
09.05.19 09:29:21 OP: Sending data sucessfull
09.05.19 09:29:21 OP: Receiving data
09.05.19 09:29:21 OP: Receiving data sucessfull
09.05.19 09:29:21 Receiving code: 0x1
09.05.19 09:29:21 OP: Receiving data
09.05.19 09:29:21 OP: Receiving data sucessfull
09.05.19 09:29:21 Sending data: "C51,1,2048,2,32,0,0.000000,100.000001,0"
09.05.19 09:29:21 OP: Sending data
09.05.19 09:29:21 OP: Sending data sucessfull
09.05.19 09:29:21 OP: Receiving data
09.05.19 09:29:21 OP: Receiving data sucessfull
09.05.19 09:29:21 Receiving code: 0x1
09.05.19 09:29:21 OP: Receiving data
09.05.19 09:29:21 OP: Receiving data sucessfull
09.05.19 09:29:21 Sending data: "C51,1,2048,2,32,0,0.000000,100.000001,0"
09.05.19 09:29:21 OP: Sending data
09.05.19 09:29:21 OP: Sending data sucessfull
09.05.19 09:29:21 OP: Receiving data
09.05.19 09:29:21 OP: Receiving data sucessfull
09.05.19 09:29:21 Receiving code: 0x1
09.05.19 09:29:21 OP: Receiving data
09.05.19 09:29:22 OP: Receiving data sucessfull
09.05.19 09:29:22 Sending data: "C51,1,2048,2,32,0,0.000000,100.000001,0"
09.05.19 09:29:22 OP: Sending data
09.05.19 09:29:22 OP: Sending data sucessfull
09.05.19 09:29:22 OP: Receiving data
09.05.19 09:29:22 OP: Receiving data sucessfull
09.05.19 09:29:22 Receiving code: 0x1
09.05.19 09:29:22 OP: Receiving data
09.05.19 09:29:22 OP: Receiving data sucessfull
09.05.19 09:29:22 Sending data: "C51,1,2048,2,32,0,0.000000,100.000001,0"
09.05.19 09:29:22 OP: Sending data
09.05.19 09:29:22 OP: Sending data sucessfull
09.05.19 09:29:22 OP: Receiving data
09.05.19 09:29:22 OP: Receiving data sucessfull
09.05.19 09:29:22 Receiving code: 0x1
09.05.19 09:29:22 OP: Receiving data
09.05.19 09:29:22 OP: Receiving data sucessfull
09.05.19 09:29:22 Sending data: "C51,1,2048,2,32,0,0.000000,100.000001,0"
09.05.19 09:29:22 OP: Sending data
09.05.19 09:29:22 OP: Sending data sucessfull
09.05.19 09:29:22 OP: Receiving data
09.05.19 09:29:22 OP: Receiving data sucessfull
09.05.19 09:29:22 Receiving code: 0x1
09.05.19 09:29:22 OP: Receiving data
09.05.19 09:29:22 OP: Receiving data sucessfull
09.05.19 09:29:22 Sending data: "C51,1,2048,2,32,0,0.000000,100.000001,0"
09.05.19 09:29:22 OP: Sending data
09.05.19 09:29:22 OP: Sending data sucessfull
09.05.19 09:29:22 OP: Receiving data
09.05.19 09:29:22 OP: Receiving data sucessfull
09.05.19 09:29:22 Receiving code: 0x1
09.05.19 09:29:22 OP: Receiving data
09.05.19 09:29:22 OP: Receiving data sucessfull
09.05.19 09:29:22 Sending data: "C51,1,2048,2,32,0,0.000000,100.000001,0"
09.05.19 09:29:22 OP: Sending data
09.05.19 09:29:22 OP: Sending data sucessfull
09.05.19 09:29:22 OP: Receiving data
09.05.19 09:29:22 OP: Receiving data sucessfull
09.05.19 09:29:22 Receiving code: 0x1
09.05.19 09:29:23 OP: Receiving data
09.05.19 09:29:23 OP: Receiving data sucessfull
09.05.19 09:29:23 Sending data: "C51,1,2048,2,32,0,0.000000,100.000001,0"
09.05.19 09:29:23 OP: Sending data
09.05.19 09:29:23 OP: Sending data sucessfull
09.05.19 09:29:23 OP: Receiving data
09.05.19 09:29:23 OP: Receiving data sucessfull
09.05.19 09:29:23 Receiving code: 0x1
09.05.19 09:29:23 OP: Receiving data
09.05.19 09:29:23 OP: Receiving data sucessfull
09.05.19 09:29:23 Sending data: "C51,1,2048,2,32,0,0.000000,100.000001,0"
09.05.19 09:29:23 OP: Sending data
09.05.19 09:29:23 OP: Sending data sucessfull
09.05.19 09:29:23 OP: Receiving data
09.05.19 09:29:23 OP: Receiving data sucessfull
09.05.19 09:29:23 Receiving code: 0x1
09.05.19 09:29:23 OP: Receiving data
09.05.19 09:29:23 OP: Receiving data sucessfull
09.05.19 09:29:23 Sending data: "C51,1,2048,2,32,0,0.000000,100.000001,0"
09.05.19 09:29:23 OP: Sending data
09.05.19 09:29:23 OP: Sending data sucessfull
09.05.19 09:29:23 OP: Receiving data
09.05.19 09:29:23 OP: Receiving data sucessfull
09.05.19 09:29:23 Receiving code: 0x1
09.05.19 09:29:23 OP: Receiving data
09.05.19 09:29:23 OP: Receiving data sucessfull
09.05.19 09:29:23 Sending data: "C51,1,2048,2,32,0,0.000000,100.000001,0"
09.05.19 09:29:23 OP: Sending data
09.05.19 09:29:23 OP: Sending data sucessfull
09.05.19 09:29:23 OP: Receiving data
09.05.19 09:29:23 OP: Receiving data sucessfull
09.05.19 09:29:23 Receiving code: 0x1
09.05.19 09:29:23 OP: Receiving data
09.05.19 09:29:24 OP: Receiving data sucessfull
09.05.19 09:29:24 Sending data: "C51,1,2048,2,32,0,0.000000,100.000001,0"
09.05.19 09:29:24 OP: Sending data
09.05.19 09:29:24 OP: Sending data sucessfull
09.05.19 09:29:24 OP: Receiving data
09.05.19 09:29:24 OP: Receiving data sucessfull
09.05.19 09:29:24 Receiving code: 0x1
09.05.19 09:29:24 OP: Receiving data
09.05.19 09:29:24 OP: Receiving data sucessfull
09.05.19 09:29:24 Sending data: "C51,1,2048,2,32,0,0.000000,100.000001,0"
09.05.19 09:29:24 OP: Sending data
09.05.19 09:29:24 OP: Sending data sucessfull
09.05.19 09:29:24 OP: Receiving data
09.05.19 09:29:24 OP: Receiving data sucessfull
09.05.19 09:29:24 Receiving code: 0x1
09.05.19 09:29:24 OP: Receiving data
09.05.19 09:29:24 OP: Receiving data sucessfull
09.05.19 09:29:24 Sending data: "C51,1,2048,2,32,0,0.000000,100.000001,0"
09.05.19 09:29:24 OP: Sending data
09.05.19 09:29:24 OP: Sending data sucessfull
09.05.19 09:29:24 OP: Receiving data
09.05.19 09:29:24 OP: Receiving data sucessfull
09.05.19 09:29:24 Receiving code: 0x1
09.05.19 09:29:24 OP: Receiving data
09.05.19 09:29:24 OP: Receiving data sucessfull
09.05.19 09:29:24 Sending data: "C51,1,2048,2,32,0,0.000000,100.000001,0"
09.05.19 09:29:24 OP: Sending data
09.05.19 09:29:24 OP: Sending data sucessfull
09.05.19 09:29:24 OP: Receiving data
09.05.19 09:29:24 OP: Receiving data sucessfull
09.05.19 09:29:24 Receiving code: 0x1
09.05.19 09:29:24 OP: Receiving data
09.05.19 09:29:24 OP: Receiving data sucessfull
09.05.19 09:29:24 Sending data: "C51,1,2048,2,32,0,0.000000,100.000001,0"
09.05.19 09:29:24 OP: Sending data
09.05.19 09:29:24 OP: Sending data sucessfull
09.05.19 09:29:24 OP: Receiving data
09.05.19 09:29:24 OP: Receiving data sucessfull
09.05.19 09:29:24 Receiving code: 0x1
09.05.19 09:29:24 OP: Receiving data
09.05.19 09:29:25 OP: Receiving data sucessfull
09.05.19 09:29:25 Sending data: "C51,1,2048,2,32,0,0.000000,100.000001,0"
09.05.19 09:29:25 OP: Sending data
09.05.19 09:29:25 OP: Sending data sucessfull
09.05.19 09:29:25 OP: Receiving data
09.05.19 09:29:25 OP: Receiving data sucessfull
09.05.19 09:29:25 Receiving code: 0x1
09.05.19 09:29:25 OP: Receiving data
09.05.19 09:29:25 OP: Receiving data sucessfull
09.05.19 09:29:25 Sending data: "C51,1,2048,2,32,0,0.000000,100.000001,0"
09.05.19 09:29:25 OP: Sending data
09.05.19 09:29:25 OP: Sending data sucessfull
09.05.19 09:29:25 OP: Receiving data
09.05.19 09:29:25 OP: Receiving data sucessfull
09.05.19 09:29:25 Receiving code: 0x1
09.05.19 09:29:25 OP: Receiving data
09.05.19 09:29:25 OP: Receiving data sucessfull
09.05.19 09:29:25 Sending data: "C51,1,2048,2,32,0,0.000000,100.000001,0"
09.05.19 09:29:25 OP: Sending data
09.05.19 09:29:25 OP: Sending data sucessfull
09.05.19 09:29:25 OP: Receiving data
09.05.19 09:29:25 OP: Receiving data sucessfull
09.05.19 09:29:25 Receiving code: 0x1
09.05.19 09:29:25 OP: Receiving data
09.05.19 09:29:25 OP: Receiving data sucessfull
09.05.19 09:29:25 Sending data: "C51,1,2048,2,32,0,0.000000,100.000001,0"
09.05.19 09:29:25 OP: Sending data
09.05.19 09:29:25 OP: Sending data sucessfull
09.05.19 09:29:25 OP: Receiving data
09.05.19 09:29:25 OP: Receiving data sucessfull
09.05.19 09:29:25 Receiving code: 0x1
09.05.19 09:29:25 OP: Receiving data
09.05.19 09:29:25 OP: Receiving data sucessfull
09.05.19 09:29:26 Sending data: "C51,1,2048,2,32,0,0.000000,100.000001,0"
09.05.19 09:29:26 OP: Sending data
09.05.19 09:29:26 OP: Sending data sucessfull
09.05.19 09:29:26 OP: Receiving data
09.05.19 09:29:26 OP: Receiving data sucessfull
09.05.19 09:29:26 Receiving code: 0x1
09.05.19 09:29:26 OP: Receiving data
09.05.19 09:29:26 OP: Receiving data sucessfull
09.05.19 09:29:26 Sending data: "C51,1,2048,2,32,0,0.000000,100.000001,0"
09.05.19 09:29:26 OP: Sending data
09.05.19 09:29:26 OP: Sending data sucessfull
09.05.19 09:29:26 OP: Receiving data
09.05.19 09:29:26 OP: Receiving data sucessfull
09.05.19 09:29:26 Receiving code: 0x1
09.05.19 09:29:26 OP: Receiving data
09.05.19 09:29:26 OP: Receiving data sucessfull
09.05.19 09:29:26 Sending data: "C51,1,2048,2,32,0,0.000000,100.000001,0"
09.05.19 09:29:26 OP: Sending data
09.05.19 09:29:26 OP: Sending data sucessfull
09.05.19 09:29:26 OP: Receiving data
09.05.19 09:29:26 OP: Receiving data sucessfull
09.05.19 09:29:26 Receiving code: 0x1
09.05.19 09:29:26 OP: Receiving data
09.05.19 09:29:26 OP: Receiving data sucessfull
09.05.19 09:29:26 Sending data: "C51,1,2048,2,32,0,0.000000,100.000001,0"
09.05.19 09:29:26 OP: Sending data
09.05.19 09:29:26 OP: Sending data sucessfull
09.05.19 09:29:26 OP: Receiving data
09.05.19 09:29:26 OP: Receiving data sucessfull
09.05.19 09:29:26 Receiving code: 0x1
09.05.19 09:29:26 OP: Receiving data
09.05.19 09:29:26 OP: Receiving data sucessfull
09.05.19 09:29:26 Sending data: "C51,1,2048,2,32,0,0.000000,100.000001,0"
09.05.19 09:29:26 OP: Sending data
09.05.19 09:29:26 OP: Sending data sucessfull
09.05.19 09:29:26 OP: Receiving data
09.05.19 09:29:26 OP: Receiving data sucessfull
09.05.19 09:29:26 Receiving code: 0x1
09.05.19 09:29:26 OP: Receiving data
09.05.19 09:29:27 OP: Receiving data sucessfull
09.05.19 09:29:27 Sending data: "C51,1,2048,2,32,0,0.000000,100.000001,0"
09.05.19 09:29:27 OP: Sending data
09.05.19 09:29:27 OP: Sending data sucessfull
09.05.19 09:29:27 OP: Receiving data
09.05.19 09:29:27 OP: Receiving data sucessfull
09.05.19 09:29:27 Receiving code: 0x1
09.05.19 09:29:27 OP: Receiving data
09.05.19 09:29:27 OP: Receiving data sucessfull
09.05.19 09:29:27 Sending data: "C51,1,2048,2,32,0,0.000000,100.000001,0"
09.05.19 09:29:27 OP: Sending data
09.05.19 09:29:27 OP: Sending data sucessfull
09.05.19 09:29:27 OP: Receiving data
09.05.19 09:29:27 OP: Receiving data sucessfull
09.05.19 09:29:27 Receiving code: 0x1
09.05.19 09:29:27 OP: Receiving data
09.05.19 09:29:27 OP: Receiving data sucessfull
09.05.19 09:29:27 Sending data: "C51,1,2048,2,32,0,0.000000,100.000001,0"
09.05.19 09:29:27 OP: Sending data
09.05.19 09:29:27 OP: Sending data sucessfull
09.05.19 09:29:27 OP: Receiving data
09.05.19 09:29:27 OP: Receiving data sucessfull
09.05.19 09:29:27 Receiving code: 0x1
09.05.19 09:29:27 OP: Receiving data
09.05.19 09:29:27 OP: Receiving data sucessfull
09.05.19 09:29:27 Sending data: "C51,1,2048,2,32,0,0.000000,100.000001,0"
09.05.19 09:29:27 OP: Sending data
09.05.19 09:29:27 OP: Sending data sucessfull
09.05.19 09:29:27 OP: Receiving data
09.05.19 09:29:27 OP: Receiving data sucessfull
09.05.19 09:29:27 Receiving code: 0x1
09.05.19 09:29:27 OP: Receiving data
09.05.19 09:29:27 OP: Receiving data sucessfull
09.05.19 09:29:27 Sending data: "C51,1,2048,2,32,0,0.000000,100.000001,0"
09.05.19 09:29:28 OP: Sending data
09.05.19 09:29:28 OP: Sending data sucessfull
09.05.19 09:29:28 OP: Receiving data
09.05.19 09:29:28 OP: Receiving data sucessfull
09.05.19 09:29:28 Receiving code: 0x1
09.05.19 09:29:28 OP: Receiving data
09.05.19 09:29:28 OP: Receiving data sucessfull
09.05.19 09:29:28 Sending data: "C51,1,2048,2,32,0,0.000000,100.000001,0"
09.05.19 09:29:28 OP: Sending data
09.05.19 09:29:28 OP: Sending data sucessfull
09.05.19 09:29:28 OP: Receiving data
09.05.19 09:29:28 OP: Receiving data sucessfull
09.05.19 09:29:28 Receiving code: 0x1
09.05.19 09:29:28 OP: Receiving data
09.05.19 09:29:28 OP: Receiving data sucessfull
09.05.19 09:29:28 Sending data: "C51,1,2048,2,32,0,0.000000,100.000001,0"
09.05.19 09:29:28 OP: Sending data
09.05.19 09:29:28 OP: Sending data sucessfull
09.05.19 09:29:28 OP: Receiving data
09.05.19 09:29:28 OP: Receiving data sucessfull
09.05.19 09:29:28 Receiving code: 0x1
09.05.19 09:29:28 OP: Receiving data
09.05.19 09:29:28 OP: Receiving data sucessfull
09.05.19 09:29:28 Sending data: "C51,1,2048,2,32,0,0.000000,100.000001,0"
09.05.19 09:29:28 OP: Sending data
09.05.19 09:29:28 OP: Sending data sucessfull
